[    0.000000] Linux version 4.15.0-208-generic (buildd@lcy02-amd64-015) (gcc version 7.5.0 (Ubuntu 7.5.0-3ubuntu1~18.04)) #220-Ubuntu SMP Mon Mar 20 14:27:01 UTC 2023 (Ubuntu 4.15.0-208.220-generic 4.15.18)
[    0.000000] Command line: BOOT_IMAGE=/boot/vmlinuz-4.15.0-208-generic root=LABEL=cloudimg-rootfs ro console=tty1 console=ttyS0
[    0.000000] KERNEL supported cpus:
[    0.000000]   Intel GenuineIntel
[    0.000000]   AMD AuthenticAMD
[    0.000000]   Centaur CentaurHauls
[    0.000000] x86/fpu: Supporting XSAVE feature 0x001: 'x87 floating point registers'
[    0.000000] x86/fpu: Supporting XSAVE feature 0x002: 'SSE registers'
[    0.000000] x86/fpu: Supporting XSAVE feature 0x004: 'AVX registers'
[    0.000000] x86/fpu: xstate_offset[2]:  576, xstate_sizes[2]:  256
[    0.000000] x86/fpu: Enabled xstate features 0x7, context size is 832 bytes, using 'standard' format.
[    0.000000] e820: BIOS-provided physical RAM map:
[    0.000000] BIOS-e820: [mem 0x0000000000000000-0x000000000009fbff] usable
[    0.000000] BIOS-e820: [mem 0x000000000009fc00-0x000000000009ffff] reserved
[    0.000000] BIOS-e820: [mem 0x00000000000f0000-0x00000000000fffff] reserved
[    0.000000] BIOS-e820: [mem 0x0000000000100000-0x000000007ffeffff] usable
[    0.000000] BIOS-e820: [mem 0x000000007fff0000-0x000000007fffffff] ACPI data
[    0.000000] BIOS-e820: [mem 0x00000000fec00000-0x00000000fec00fff] reserved
[    0.000000] BIOS-e820: [mem 0x00000000fee00000-0x00000000fee00fff] reserved
[    0.000000] BIOS-e820: [mem 0x00000000fffc0000-0x00000000ffffffff] reserved
[    0.000000] NX (Execute Disable) protection: active
[    0.000000] SMBIOS 2.5 present.
[    0.000000] DMI: innotek GmbH VirtualBox/VirtualBox, BIOS VirtualBox 12/01/2006
[    0.000000] Hypervisor detected: KVM
[    0.000000] e820: last_pfn = 0x7fff0 max_arch_pfn = 0x400000000
[    0.000000] MTRR: Disabled
[    0.000000] x86/PAT: MTRRs disabled, skipping PAT initialization too.
[    0.000000] CPU MTRRs all blank - virtualized system.
[    0.000000] x86/PAT: Configuration [0-7]: WB  WT  UC- UC  WB  WT  UC- UC  
[    0.000000] found SMP MP-table at [mem 0x0009fff0-0x0009ffff]
[    0.000000] Scanning 1 areas for low memory corruption
[    0.000000] RAMDISK: [mem 0x359c9000-0x36cdbfff]
[    0.000000] ACPI: Early table checksum verification disabled
[    0.000000] ACPI: RSDP 0x00000000000E0000 000024 (v02 VBOX  )
[    0.000000] ACPI: XSDT 0x000000007FFF0030 00003C (v01 VBOX   VBOXXSDT 00000001 ASL  00000061)
[    0.000000] ACPI: FACP 0x000000007FFF00F0 0000F4 (v04 VBOX   VBOXFACP 00000001 ASL  00000061)
[    0.000000] ACPI: DSDT 0x000000007FFF0610 002353 (v02 VBOX   VBOXBIOS 00000002 INTL 20200528)
[    0.000000] ACPI: FACS 0x000000007FFF0200 000040
[    0.000000] ACPI: FACS 0x000000007FFF0200 000040
[    0.000000] ACPI: APIC 0x000000007FFF0240 00005C (v02 VBOX   VBOXAPIC 00000001 ASL  00000061)
[    0.000000] ACPI: SSDT 0x000000007FFF02A0 00036C (v01 VBOX   VBOXCPUT 00000002 INTL 20200528)
[    0.000000] ACPI: Reserving FACP table memory at [mem 0x7fff00f0-0x7fff01e3]
[    0.000000] ACPI: Reserving DSDT table memory at [mem 0x7fff0610-0x7fff2962]
[    0.000000] ACPI: Reserving FACS table memory at [mem 0x7fff0200-0x7fff023f]
[    0.000000] ACPI: Reserving FACS table memory at [mem 0x7fff0200-0x7fff023f]
[    0.000000] ACPI: Reserving APIC table memory at [mem 0x7fff0240-0x7fff029b]
[    0.000000] ACPI: Reserving SSDT table memory at [mem 0x7fff02a0-0x7fff060b]
[    0.000000] No NUMA configuration found
[    0.000000] Faking a node at [mem 0x0000000000000000-0x000000007ffeffff]
[    0.000000] NODE_DATA(0) allocated [mem 0x7ffc5000-0x7ffeffff]
[    0.000000] kvm-clock: cpu 0, msr 0:7ff44001, primary cpu clock
[    0.000000] kvm-clock: Using msrs 4b564d01 and 4b564d00
[    0.000000] kvm-clock: using sched offset of 3383388940 cycles
[    0.000000] clocksource: kvm-clock: mask: 0xffffffffffffffff max_cycles: 0x1cd42e4dffb, max_idle_ns: 881590591483 ns
[    0.000000] Zone ranges:
[    0.000000]   DMA      [mem 0x0000000000001000-0x0000000000ffffff]
[    0.000000]   DMA32    [mem 0x0000000001000000-0x000000007ffeffff]
[    0.000000]   Normal   empty
[    0.000000]   Device   empty
[    0.000000] Movable zone start for each node
[    0.000000] Early memory node ranges
[    0.000000]   node   0: [mem 0x0000000000001000-0x000000000009efff]
[    0.000000]   node   0: [mem 0x0000000000100000-0x000000007ffeffff]
[    0.000000] Reserved but unavailable: 104 pages
[    0.000000] Initmem setup node 0 [mem 0x0000000000001000-0x000000007ffeffff]
[    0.000000] ACPI: PM-Timer IO Port: 0x4008
[    0.000000] IOAPIC[0]: apic_id 2, version 32, address 0xfec00000, GSI 0-23
[    0.000000] ACPI: INT_SRC_OVR (bus 0 bus_irq 0 global_irq 2 dfl dfl)
[    0.000000] ACPI: INT_SRC_OVR (bus 0 bus_irq 9 global_irq 9 low level)
[    0.000000] Using ACPI (MADT) for SMP configuration information
[    0.000000] smpboot: Allowing 2 CPUs, 0 hotplug CPUs
[    0.000000] PM: Registered nosave memory: [mem 0x00000000-0x00000fff]
[    0.000000] PM: Registered nosave memory: [mem 0x0009f000-0x0009ffff]
[    0.000000] PM: Registered nosave memory: [mem 0x000a0000-0x000effff]
[    0.000000] PM: Registered nosave memory: [mem 0x000f0000-0x000fffff]
[    0.000000] e820: [mem 0x80000000-0xfebfffff] available for PCI devices
[    0.000000] Booting paravirtualized kernel on KVM
[    0.000000] clocksource: refined-jiffies: mask: 0xffffffff max_cycles: 0xffffffff, max_idle_ns: 7645519600211568 ns
[    0.000000] setup_percpu: NR_CPUS:8192 nr_cpumask_bits:2 nr_cpu_ids:2 nr_node_ids:1
[    0.000000] percpu: Embedded 50 pages/cpu s167936 r8192 d28672 u1048576
[    0.000000] PV qspinlock hash table entries: 256 (order: 0, 4096 bytes)
[    0.000000] Built 1 zonelists, mobility grouping on.  Total pages: 515961
[    0.000000] Policy zone: DMA32
[    0.000000] Kernel command line: BOOT_IMAGE=/boot/vmlinuz-4.15.0-208-generic root=LABEL=cloudimg-rootfs ro console=tty1 console=ttyS0
[    0.000000] Memory: 2014832K/2096696K available (12300K kernel code, 2477K rwdata, 4324K rodata, 2480K init, 2720K bss, 81864K reserved, 0K cma-reserved)
[    0.000000] SLUB: HWalign=64, Order=0-3, MinObjects=0, CPUs=2, Nodes=1
[    0.000000] Kernel/User page tables isolation: enabled
[    0.000000] ftrace: allocating 39494 entries in 155 pages
[    0.004000] Hierarchical RCU implementation.
[    0.004000] 	RCU restricting CPUs from NR_CPUS=8192 to nr_cpu_ids=2.
[    0.004000] 	Tasks RCU enabled.
[    0.004000] RCU: Adjusting geometry for rcu_fanout_leaf=16, nr_cpu_ids=2
[    0.004000] NR_IRQS: 524544, nr_irqs: 440, preallocated irqs: 16
[    0.004000] random: crng init done
[    0.004000] Console: colour VGA+ 80x25
[    0.004000] console [tty1] enabled
[    0.004000] console [ttyS0] enabled
[    0.004000] ACPI: Core revision 20170831
[    0.004000] ACPI: 2 ACPI AML tables successfully acquired and loaded
[    0.004000] APIC: Switch to symmetric I/O mode setup
[    0.004272] x2apic enabled
[    0.007498] Switched APIC routing to physical x2apic.
[    0.012000] ..TIMER: vector=0x30 apic1=0 pin1=2 apic2=-1 pin2=-1
[    0.012002] tsc: Detected 2585.404 MHz processor
[    0.016008] Calibrating delay loop (skipped) preset value.. 5170.80 BogoMIPS (lpj=10341616)
[    0.020002] pid_max: default: 32768 minimum: 301
[    0.022767] Security Framework initialized
[    0.024003] Yama: becoming mindful.
[    0.028038] AppArmor: AppArmor initialized
[    0.033186] Dentry cache hash table entries: 262144 (order: 9, 2097152 bytes)
[    0.037279] Inode-cache hash table entries: 131072 (order: 8, 1048576 bytes)
[    0.040049] Mount-cache hash table entries: 4096 (order: 3, 32768 bytes)
[    0.044044] Mountpoint-cache hash table entries: 4096 (order: 3, 32768 bytes)
[    0.052384] Last level iTLB entries: 4KB 64, 2MB 8, 4MB 8
[    0.055528] Last level dTLB entries: 4KB 64, 2MB 0, 4MB 0, 1GB 4
[    0.056016] Spectre V1 : Mitigation: usercopy/swapgs barriers and __user pointer sanitization
[    0.060002] Spectre V2 : Mitigation: Retpolines
[    0.064002] Spectre V2 : Spectre v2 / SpectreRSB mitigation: Filling RSB on context switch
[    0.068001] Spectre V2 : Spectre v2 / SpectreRSB : Filling RSB on VMEXIT
[    0.072002] RETBleed: WARNING: Spectre v2 mitigation leaves CPU vulnerable to RETBleed attacks, data leaks possible!
[    0.076002] RETBleed: Vulnerable
[    0.078019] Speculative Store Bypass: Vulnerable
[    0.080093] MDS: Mitigation: Clear CPU buffers
[    0.084003] MMIO Stale Data: Mitigation: Clear CPU buffers
[    0.087202] SRBDS: Unknown: Dependent on hypervisor status
[    0.088156] Freeing SMP alternatives memory: 36K
[    0.204986] smpboot: CPU0: Intel(R) Core(TM) i7-9750H CPU @ 2.60GHz (family: 0x6, model: 0x9e, stepping: 0xa)
[    0.208194] Performance Events: unsupported p6 CPU model 158 no PMU driver, software events only.
[    0.212070] Hierarchical SRCU implementation.
[    0.216529] NMI watchdog: Perf event create on CPU 0 failed with -2
[    0.220002] NMI watchdog: Perf NMI watchdog permanently disabled
[    0.224134] smp: Bringing up secondary CPUs ...
[    0.227132] x86: Booting SMP configuration:
[    0.228002] .... node  #0, CPUs:      #1
[    0.004000] kvm-clock: cpu 1, msr 0:7ff44041, secondary cpu clock
[    0.236131] smp: Brought up 1 node, 2 CPUs
[    0.238516] smpboot: Max logical packages: 1
[    0.240004] smpboot: Total of 2 processors activated (10341.61 BogoMIPS)
[    0.244195] devtmpfs: initialized
[    0.248061] x86/mm: Memory block size: 128MB
[    0.250801] evm: security.selinux
[    0.252003] evm: security.SMACK64
[    0.253986] evm: security.SMACK64EXEC
[    0.256002] evm: security.SMACK64TRANSMUTE
[    0.258430] evm: security.SMACK64MMAP
[    0.260002] evm: security.apparmor
[    0.262422] evm: security.ima
[    0.264002] evm: security.capability
[    0.268239] clocksource: jiffies: mask: 0xffffffff max_cycles: 0xffffffff, max_idle_ns: 7645041785100000 ns
[    0.272007] futex hash table entries: 512 (order: 3, 32768 bytes)
[    0.276070] pinctrl core: initialized pinctrl subsystem
[    0.280176] RTC time:  0:52:40, date: 04/06/23
[    0.283051] NET: Registered protocol family 16
[    0.284088] audit: initializing netlink subsys (disabled)
[    0.288069] audit: type=2000 audit(1680742364.816:1): state=initialized audit_enabled=0 res=1
[    0.292056] cpuidle: using governor ladder
[    0.294668] cpuidle: using governor menu
[    0.296028] ACPI: bus type PCI registered
[    0.298387] acpiphp: ACPI Hot Plug PCI Controller Driver version: 0.5
[    0.300309] PCI: Using configuration type 1 for base access
[    0.308219] HugeTLB registered 2.00 MiB page size, pre-allocated 0 pages
[    0.312151] ACPI: Added _OSI(Module Device)
[    0.314768] ACPI: Added _OSI(Processor Device)
[    0.316000] ACPI: Added _OSI(3.0 _SCP Extensions)
[    0.316003] ACPI: Added _OSI(Processor Aggregator Device)
[    0.319285] ACPI: Added _OSI(Linux-Dell-Video)
[    0.320000] ACPI: Added _OSI(Linux-Lenovo-NV-HDMI-Audio)
[    0.320000] ACPI: Added _OSI(Linux-HPI-Hybrid-Graphics)
[    0.320600] ACPI: Executed 1 blocks of module-level executable AML code
[    0.324948] ACPI: Interpreter enabled
[    0.327380] ACPI: (supports S0 S5)
[    0.328000] ACPI: Using IOAPIC for interrupt routing
[    0.328000] PCI: Using host bridge windows from ACPI; if necessary, use "pci=nocrs" and report a bug
[    0.328202] ACPI: Enabled 2 GPEs in block 00 to 07
[    0.339854] ACPI: PCI Root Bridge [PCI0] (domain 0000 [bus 00-ff])
[    0.340006] acpi PNP0A03:00: _OSC: OS supports [ASPM ClockPM Segments MSI]
[    0.344661] acpi PNP0A03:00: _OSC: not requesting OS control; OS requires [ExtendedConfig ASPM ClockPM MSI]
[    0.348009] acpi PNP0A03:00: fail to add MMCONFIG information, can't access extended PCI configuration space under this bridge.
[    0.352592] PCI host bridge to bus 0000:00
[    0.356003] pci_bus 0000:00: root bus resource [io  0x0000-0x0cf7 window]
[    0.360003] pci_bus 0000:00: root bus resource [io  0x0d00-0xffff window]
[    0.364000] pci_bus 0000:00: root bus resource [mem 0x000a0000-0x000bffff window]
[    0.368003] pci_bus 0000:00: root bus resource [mem 0x80000000-0xfdffffff window]
[    0.372004] pci_bus 0000:00: root bus resource [bus 00-ff]
[    0.385986] pci 0000:00:01.1: legacy IDE quirk: reg 0x10: [io  0x01f0-0x01f7]
[    0.388002] pci 0000:00:01.1: legacy IDE quirk: reg 0x14: [io  0x03f6]
[    0.396003] pci 0000:00:01.1: legacy IDE quirk: reg 0x18: [io  0x0170-0x0177]
[    0.400002] pci 0000:00:01.1: legacy IDE quirk: reg 0x1c: [io  0x0376]
[    0.460494] pci 0000:00:07.0: quirk: [io  0x4000-0x403f] claimed by PIIX4 ACPI
[    0.464000] pci 0000:00:07.0: quirk: [io  0x4100-0x410f] claimed by PIIX4 SMB
[    0.474456] ACPI: PCI Interrupt Link [LNKA] (IRQs 5 9 10 *11)
[    0.476472] ACPI: PCI Interrupt Link [LNKB] (IRQs 5 9 *10 11)
[    0.480000] ACPI: PCI Interrupt Link [LNKC] (IRQs 5 *9 10 11)
[    0.480175] ACPI: PCI Interrupt Link [LNKD] (IRQs 5 9 10 *11)
[    0.484000] SCSI subsystem initialized
[    0.484093] pci 0000:00:02.0: vgaarb: setting as boot VGA device
[    0.487862] pci 0000:00:02.0: vgaarb: VGA device added: decodes=io+mem,owns=io+mem,locks=none
[    0.488004] pci 0000:00:02.0: vgaarb: bridge control possible
[    0.491526] vgaarb: loaded
[    0.492014] ACPI: bus type USB registered
[    0.494674] usbcore: registered new interface driver usbfs
[    0.496000] usbcore: registered new interface driver hub
[    0.496008] usbcore: registered new device driver usb
[    0.500052] EDAC MC: Ver: 3.0.0
[    0.504526] PCI: Using ACPI for IRQ routing
[    0.508548] NetLabel: Initializing
[    0.512002] NetLabel:  domain hash size = 128
[    0.516002] NetLabel:  protocols = UNLABELED CIPSOv4 CALIPSO
[    0.519482] NetLabel:  unlabeled traffic allowed by default
[    0.524193] clocksource: Switched to clocksource kvm-clock
[    0.545368] VFS: Disk quotas dquot_6.6.0
[    0.548963] VFS: Dquot-cache hash table entries: 512 (order 0, 4096 bytes)
[    0.554072] AppArmor: AppArmor Filesystem Enabled
[    0.557368] pnp: PnP ACPI init
[    0.562198] pnp: PnP ACPI: found 3 devices
[    0.571383] clocksource: acpi_pm: mask: 0xffffff max_cycles: 0xffffff, max_idle_ns: 2085701024 ns
[    0.577835] NET: Registered protocol family 2
[    0.581086] IP idents hash table entries: 32768 (order: 6, 262144 bytes)
[    0.586216] TCP established hash table entries: 16384 (order: 5, 131072 bytes)
[    0.591542] TCP bind hash table entries: 16384 (order: 6, 262144 bytes)
[    0.595364] TCP: Hash tables configured (established 16384 bind 16384)
[    0.595364] UDP hash table entries: 1024 (order: 3, 32768 bytes)
[    0.604400] UDP-Lite hash table entries: 1024 (order: 3, 32768 bytes)
[    0.608341] NET: Registered protocol family 1
[    0.611664] pci 0000:00:00.0: Limiting direct PCI/PCI transfers
[    0.615554] pci 0000:00:01.0: Activating ISA DMA hang workarounds
[    0.619660] pci 0000:00:02.0: Video device with shadowed ROM at [mem 0x000c0000-0x000dffff]
[    0.625207] Unpacking initramfs...
[    0.891051] Freeing initrd memory: 19532K
[    0.915570] clocksource: tsc: mask: 0xffffffffffffffff max_cycles: 0x25445fc42ca, max_idle_ns: 440795277761 ns
[    0.919324] platform rtc_cmos: registered platform RTC device (no PNP device found)
[    0.926218] Scanning for low memory corruption every 60 seconds
[    0.930603] Initialise system trusted keyrings
[    0.933871] Key type blacklist registered
[    0.936956] workingset: timestamp_bits=36 max_order=19 bucket_order=0
[    0.942274] zbud: loaded
[    0.945345] squashfs: version 4.0 (2009/01/31) Phillip Lougher
[    0.949311] fuse init (API version 7.26)
[    0.957066] Key type asymmetric registered
[    0.959692] Asymmetric key parser 'x509' registered
[    0.962802] Block layer SCSI generic (bsg) driver version 0.4 loaded (major 246)
[    0.967828] io scheduler noop registered
[    0.970531] io scheduler deadline registered
[    0.973329] io scheduler cfq registered (default)
[    0.976925] ACPI: AC Adapter [AC] (on-line)
[    0.979663] input: Power Button as /devices/LNXSYSTM:00/LNXPWRBN:00/input/input0
[    0.984374] ACPI: Power Button [PWRF]
[    0.987189] input: Sleep Button as /devices/LNXSYSTM:00/LNXSLPBN:00/input/input1
[    0.988369] ACPI: Sleep Button [SLPF]
[    0.996425] Serial: 8250/16550 driver, 32 ports, IRQ sharing enabled
[    0.998133] ACPI: Battery Slot [BAT0] (battery present)
[    1.029308] 00:02: ttyS0 at I/O 0x3f8 (irq = 4, base_baud = 115200) is a 16550A
[    1.032675] Linux agpgart interface v0.103
[    1.040518] loop: module loaded
[    1.044475] scsi host0: ata_piix
[    1.047191] scsi host1: ata_piix
[    1.049358] ata1: PATA max UDMA/33 cmd 0x1f0 ctl 0x3f6 bmdma 0xd000 irq 14
[    1.053530] ata2: PATA max UDMA/33 cmd 0x170 ctl 0x376 bmdma 0xd008 irq 15
[    1.058704] tun: Universal TUN/TAP device driver, 1.6
[    1.062612] PPP generic driver version 2.4.2
[    1.065242] ehci_hcd: USB 2.0 'Enhanced' Host Controller (EHCI) Driver
[    1.068880] ehci-pci: EHCI PCI platform driver
[    1.071543] ehci-platform: EHCI generic platform driver
[    1.074573] ohci_hcd: USB 1.1 'Open' Host Controller (OHCI) Driver
[    1.078719] ohci-pci: OHCI PCI platform driver
[    1.081376] ohci-platform: OHCI generic platform driver
[    1.084447] uhci_hcd: USB Universal Host Controller Interface driver
[    1.088107] i8042: PNP: PS/2 Controller [PNP0303:PS2K,PNP0f03:PS2M] at 0x60,0x64 irq 1,12
[    1.094731] serio: i8042 KBD port at 0x60,0x64 irq 1
[    1.097652] serio: i8042 AUX port at 0x60,0x64 irq 12
[    1.101366] mousedev: PS/2 mouse device common for all mice
[    1.106683] input: AT Translated Set 2 keyboard as /devices/platform/i8042/serio0/input/input2
[    1.111664] rtc_cmos rtc_cmos: rtc core: registered rtc_cmos as rtc0
[    1.115670] rtc_cmos rtc_cmos: alarms up to one day, 114 bytes nvram
[    1.119688] i2c /dev entries driver
[    1.121901] device-mapper: uevent: version 1.0.3
[    1.124994] device-mapper: ioctl: 4.37.0-ioctl (2017-09-20) initialised: dm-devel@redhat.com
[    1.130202] ledtrig-cpu: registered to indicate activity on CPUs
[    1.134937] NET: Registered protocol family 10
[    1.142224] Segment Routing with IPv6
[    1.144545] NET: Registered protocol family 17
[    1.147368] Key type dns_resolver registered
[    1.150292] mce: Using 0 MCE banks
[    1.152325] RAS: Correctable Errors collector initialized.
[    1.155530] sched_clock: Marking stable (1155482893, 0)->(1657891906, -502409013)
[    1.161682] registered taskstats version 1
[    1.164166] Loading compiled-in X.509 certificates
[    1.169823] Loaded X.509 cert 'Build time autogenerated kernel key: 05d3fa630a0ed8a65520e390196b077fd5e65720'
[    1.175963] Loaded X.509 cert 'Canonical Ltd. Live Patch Signing: 14df34d1a87cf37625abec039ef2bf521249b969'
[    1.181806] Loaded X.509 cert 'Canonical Ltd. Kernel Module Signing: 88f752e560a1e0737e31163a466ad7b70a850c19'
[    1.187345] blacklist: Loading compiled-in revocation X.509 certificates
[    1.191124] Loaded X.509 cert 'Canonical Ltd. Secure Boot Signing: 61482aa2830d0ab2ad5af10b7250da9033ddcef0'
[    1.196701] Loaded X.509 cert 'Canonical Ltd. Secure Boot Signing (2017): 242ade75ac4a15e50d50c84b0d45ff3eae707a03'
[    1.202475] Loaded X.509 cert 'Canonical Ltd. Secure Boot Signing (ESM 2018): 365188c1d374d6b07c3c8f240f8ef722433d6a8b'
[    1.208413] Loaded X.509 cert 'Canonical Ltd. Secure Boot Signing (2019): c0746fd6c5da3ae827864651ad66ae47fe24b3e8'
[    1.214166] Loaded X.509 cert 'Canonical Ltd. Secure Boot Signing (2021 v1): a8d54bbb3825cfb94fa13c9f8a594a195c107b8d'
[    1.220481] Loaded X.509 cert 'Canonical Ltd. Secure Boot Signing (2021 v2): 4cf046892d6fd3c9a5b03f98d845f90851dc6a8c'
[    1.241292] Loaded X.509 cert 'Canonical Ltd. Secure Boot Signing (2021 v3): 100437bb6de6e469b581e61cd66bce3ef4ed53af'
[    1.249173] Loaded X.509 cert 'Canonical Ltd. Secure Boot Signing (Ubuntu Core 2019): c1d57b8f6b743f23ee41f4f7ee292f06eecadfb9'
[    1.256605] zswap: loaded using pool lzo/zbud
[    1.276340] Key type big_key registered
[    1.278648] Key type trusted registered
[    1.283265] Key type encrypted registered
[    1.285685] AppArmor: AppArmor sha1 policy hashing enabled
[    1.288872] ima: No TPM chip found, activating TPM-bypass! (rc=-19)
[    1.292424] ima: Allocated hash algorithm: sha1
[    1.295174] evm: HMAC attrs: 0x1
[    1.297675]   Magic number: 3:772:859
[    1.300372] rtc_cmos rtc_cmos: setting system clock to 2023-04-06 00:52:41 UTC (1680742361)
[    1.305517] BIOS EDD facility v0.16 2004-Jun-25, 0 devices found
[    1.309215] EDD information not available.
[    1.314706] Freeing unused kernel image memory: 2480K
[    1.332396] Write protecting the kernel read-only data: 20480k
[    1.336676] Freeing unused kernel image memory: 2008K
[    1.340015] Freeing unused kernel image memory: 1820K
[    1.348644] x86/mm: Checked W+X mappings: passed, no W+X pages found.
[    1.352321] x86/mm: Checking user space page tables
[    1.360114] x86/mm: Checked W+X mappings: passed, no W+X pages found.
Loading, please wait...
starting version 237
[    1.438763] Fusion MPT base driver 3.04.20
[    1.441645] Copyright (c) 1999-2008 LSI Corporation
[    1.448491] Fusion MPT SPI Host driver 3.04.20
[    1.451933] e1000: Intel(R) PRO/1000 Network Driver - version 7.3.21-k8-NAPI
[    1.456930] e1000: Copyright (c) 1999-2006 Intel Corporation.
[    1.461294] mptbase: ioc0: Initiating bringup
[    1.485014] AVX2 version of gcm_enc/dec engaged.
[    1.487895] AES CTR mode by8 optimization enabled
[    1.594812] ioc0: LSI53C1030 A0: Capabilities={Initiator}
[    1.689604] input: ImExPS/2 Generic Explorer Mouse as /devices/platform/i8042/serio1/input/input4
[    1.837895] scsi host2: ioc0: LSI53C1030 A0, FwRev=00000000h, Ports=1, MaxQ=256, IRQ=20
[    2.015036] scsi 2:0:0:0: Direct-Access     VBOX     HARDDISK         1.0  PQ: 0 ANSI: 5
[    2.052054] scsi target2:0:0: Beginning Domain Validation
[    2.059979] scsi target2:0:0: Domain Validation skipping write tests
[    2.064906] scsi target2:0:0: Ending Domain Validation
[    2.068906] scsi target2:0:0: asynchronous
[    2.073073] scsi 2:0:1:0: Direct-Access     VBOX     HARDDISK         1.0  PQ: 0 ANSI: 5
[    2.420715] scsi target2:0:1: Beginning Domain Validation
[    2.427320] scsi target2:0:1: Domain Validation skipping write tests
[    2.431316] scsi target2:0:1: Ending Domain Validation
[    2.434879] scsi target2:0:1: asynchronous
[    2.445308] sd 2:0:0:0: Attached scsi generic sg0 type 0
[    2.445545] sd 2:0:0:0: [sda] 83886080 512-byte logical blocks: (42.9 GB/40.0 GiB)
[    2.449406] sd 2:0:1:0: Attached scsi generic sg1 type 0
[    2.453756] sd 2:0:1:0: [sdb] 20480 512-byte logical blocks: (10.5 MB/10.0 MiB)
[    2.467129] sd 2:0:0:0: [sda] Write Protect is off
[    2.470606] sd 2:0:1:0: [sdb] Write Protect is off
[    2.475143] sd 2:0:0:0: [sda] Incomplete mode parameter data
[    2.479253] sd 2:0:0:0: [sda] Assuming drive cache: write through
[    2.483610] sd 2:0:1:0: [sdb] Incomplete mode parameter data
[    2.487769] sd 2:0:1:0: [sdb] Assuming drive cache: write through
[    2.488767] e1000 0000:00:03.0 eth0: (PCI:33MHz:32-bit) 02:59:f1:88:50:de
[    2.496310] e1000 0000:00:03.0 eth0: Intel(R) PRO/1000 Network Connection
[    2.502328]  sda: sda1
[    2.505694] sd 2:0:0:0: [sda] Attached SCSI disk
[    2.509328] sd 2:0:1:0: [sdb] Attached SCSI disk
[    2.513452] e1000 0000:00:03.0 enp0s3: renamed from eth0
Begin: Loading essential drivers ... [    4.569502] raid6: sse2x1   gen() 24685 MB/s
[    4.636461] raid6: sse2x1   xor() 13676 MB/s
[    4.803235] raid6: sse2x2   gen() 25726 MB/s
[    5.019366] raid6: sse2x2   xor() 12474 MB/s
[    5.104342] raid6: sse2x4   gen() 32908 MB/s
[    5.281519] raid6: sse2x4   xor() 30385 MB/s
[    5.337949] raid6: avx2x1   gen() 25651 MB/s
[    5.404780] raid6: avx2x1   xor() 24890 MB/s
[    5.471597] raid6: avx2x2   gen() 37728 MB/s
[    5.538385] raid6: avx2x2   xor() 24392 MB/s
[    5.639244] raid6: avx2x4   gen() 57266 MB/s
[    5.739391] raid6: avx2x4   xor() 31773 MB/s
[    5.742780] raid6: using algorithm avx2x4 gen() 57266 MB/s
[    5.746977] raid6: .... xor() 31773 MB/s, rmw enabled
[    5.750575] raid6: using avx2x2 recovery algorithm
[    5.755176] xor: automatically using best checksumming function   avx       
[    5.760267] async_tx: api initialized (async)
done.
Begin: Running /scripts/init-premount ... done.
Begin: Mounting root file system ... Begin: Running /scripts/local-top ... done.
Begin: Running /scripts/local-premount ... [    5.807981] Btrfs loaded, crc32c=crc32c-intel
Scanning for Btrfs filesystems
done.
Warning: fsck not present, so skipping root file system
[    5.839650] EXT4-fs (sda1): mounted filesystem with ordered data mode. Opts: (null)
done.
Begin: Running /scripts/local-bottom ... done.
Begin: Running /scripts/init-bottom ... done.
[    6.028553] ip_tables: (C) 2000-2006 Netfilter Core Team
[    6.041514] systemd[1]: systemd 237 running in system mode. (+PAM +AUDIT +SELINUX +IMA +APPARMOR +SMACK +SYSVINIT +UTMP +LIBCRYPTSETUP +GCRYPT +GNUTLS +ACL +XZ +LZ4 +SECCOMP +BLKID +ELFUTILS +KMOD -IDN2 +IDN -PCRE2 default-hierarchy=hybrid)
[    6.053152] systemd[1]: Detected virtualization oracle.
[    6.056264] systemd[1]: Detected architecture x86-64.

Welcome to [1mUbuntu 18.04.6 LTS[0m!

[    6.071279] systemd[1]: Set hostname to <ubuntu>.
[    6.077845] systemd[1]: Initializing machine ID from random generator.
[    6.081682] systemd[1]: Installed transient /etc/machine-id file.
[    6.316865] systemd[1]: Reached target System Time Synchronized.
[[0;32m  OK  [0m] Reached target System Time Synchronized.
[    6.326001] systemd[1]: Created slice System Slice.
[[0;32m  OK  [0m] Created slice System Slice.
[    6.341070] systemd[1]: Created slice User and Session Slice.
[[0;32m  OK  [0m] Created slice User and Session Slice.
[    6.346629] systemd[1]: Listening on Journal Socket.
[[0;32m  OK  [0m] Listening on Journal Socket.
[[0;32m  OK  [0m] Listening on LVM2 metadata daemon socket.
[[0;32m  OK  [0m] Reached target User and Group Name Lookups.
[[0;32m  OK  [0m] Listening on Device-mapper event daemon FIFOs.
         Mounting Kernel Debug File System...
         Starting Set the console keyboard layout...
[[0;32m  OK  [0m] Listening on Journal Socket (/dev/log).
         Starting Load Kernel Modules...
[[0;32m  OK  [0m] Listening on Journal Audit Socket.
[[0;32m  OK  [0m] Listening on Syslog Socket.
[[0;32m  OK  [0m] Reached target Slices.
         Starting Uncomplicated firewall...
[[0;32m  OK  [0m] Listening on /dev/initctl Compatibility Named Pipe.
[[0;32m  OK  [0m] Created slice system-serial\x2dgetty.slice.
         Starting Create list of required st…ce nodes for the current kernel...
[[0;32m  OK  [0m] Listening on fsck to fsckd communication Socket.
[[0;32m  OK  [0m] Listening on udev Control Socket.
[[0;32m  OK  [0m] Reached target Mounting snaps.
[[0;32m  OK  [0m] Reached target Mounted snaps.
         Starting Journal Service...
[[0;32m  OK  [0m] Listening on udev Kernel Socket.
         Starting udev Coldplug all Devices...
[[0;32m  OK  [0m] Started Forward Password Requests to Wall Directory Watch.
[    6.403354] Loading iSCSI transport class v2.0-870.
         Starting File System Check on Root Device...
[[0;32m  OK  [0m] Reached target Swap.
[[0;32m  OK  [0m] Listening on LVM2 poll daemon socket.
         Mounting POSIX Message Queue File System...
         Mounting Huge Pages File System...
         Starting Monitoring of LVM2 mirrors…ng dmeventd or progress polling...
[[0;32m  OK  [0m] Listening on Network Service Netlink Socket.
[[0;32m  OK  [0m] Set up automount Arbitrary Executab…rmats File System Automount Point.
[    6.457098] iscsi: registered transport (tcp)
[    6.474565] iscsi: registered transport (iser)
[[0;32m  OK  [0m] Started Journal Service.
[[0;32m  OK  [0m] Mounted Kernel Debug File System.
[[0;32m  OK  [0m] Started Load Kernel Modules.
[[0;32m  OK  [0m] Started Uncomplicated firewall.
[[0;32m  OK  [0m] Started Create list of required sta…vice nodes for the current kernel.
[[0;32m  OK  [0m] Mounted POSIX Message Queue File System.
[[0;32m  OK  [0m] Mounted Huge Pages File System.
[[0;32m  OK  [0m] Started File System Check Daemon to report status.
[[0;32m  OK  [0m] Started LVM2 metadata daemon.
         Starting Create Static Device Nodes in /dev...
         Mounting Kernel Configuration File System...
         Starting Apply Kernel Variables...
         Mounting FUSE Control File System...
[[0;32m  OK  [0m] Mounted FUSE Control File System.
[[0;32m  OK  [0m] Mounted Kernel Configuration File System.
[[0;32m  OK  [0m] Started udev Coldplug all Devices.
[[0;32m  OK  [0m] Started File System Check on Root Device.
         Starting Remount Root and Kernel File Systems...
[[0;32m  OK  [0m] Started Create Static Device Nodes in /dev.
[[0;32m  OK  [0m] Started Remount Root and Kernel File Systems.
         Starting Load/Save Random Seed...
         Starting Flush Journal to Persistent Storage...
         Starting udev Kernel Device Manager...
[[0;32m  OK  [0m] Started Set the console keyboard layout.
[[0;32m  OK  [0m] Started Monitoring of LVM2 mirrors,…sing dmeventd or progress polling.
[[0;32m  OK  [0m] Started Apply Kernel Variables.
[[0;32m  OK  [0m] Started Load/Save Random Seed.
[[0;32m  OK  [0m] Reached target Local File Systems (Pre).
[[0;32m  OK  [0m] Reached target Local File Systems.
         Starting Set console font and keymap...
         Starting AppArmor initialization...
         Starting ebtables ruleset management...
         Starting Commit a transient machine-id on disk...
         Starting Tell Plymouth To Write Out Runtime Data...
[[0;32m  OK  [0m] Started udev Kernel Device Manager.
[[0;32m  OK  [0m] Started Dispatch Password Requests to Console Directory Watch.
[[0;32m  OK  [0m] Reached target Local Encrypted Volumes.
[[0;32m  OK  [0m] Started Set console font and keymap.
[[0;32m  OK  [0m] Started Tell Plymouth To Write Out Runtime Data.
[[0;32m  OK  [0m] Started Flush Journal to Persistent Storage.
         Starting Create Volatile Files and Directories...
[[0;32m  OK  [0m] Started ebtables ruleset management.
[[0;32m  OK  [0m] Started Commit a transient machine-id on disk.
[[0;32m  OK  [0m] Started Create Volatile Files and Directories.
         Starting Update UTMP about System Boot/Shutdown...
[[0;32m  OK  [0m] Started Update UTMP about System Boot/Shutdown.
[[0;32m  OK  [0m] Found device /dev/ttyS0.
[[0;32m  OK  [0m] Listening on Load/Save RF Kill Switch Status /dev/rfkill Watch.
         Mounting Arbitrary Executable File Formats File System...
[[0;32m  OK  [0m] Mounted Arbitrary Executable File Formats File System.
[[0;32m  OK  [0m] Started AppArmor initialization.
         Starting Load AppArmor profiles managed internally by snapd...
         Starting Initial cloud-init job (pre-networking)...
[[0;32m  OK  [0m] Started Load AppArmor profiles managed internally by snapd.
[    9.073830] cloud-init[578]: Cloud-init v. 23.1.1-0ubuntu0~18.04.1 running 'init-local' at Thu, 06 Apr 2023 00:52:48 +0000. Up 8.76 seconds.
[[0;32m  OK  [0m] Started Initial cloud-init job (pre-networking).
[[0;32m  OK  [0m] Reached target Network (Pre).
         Starting Network Service...
[[0;32m  OK  [0m] Started Network Service.
         Starting Network Name Resolution...
         Starting Wait for Network to be Configured...
[[0;32m  OK  [0m] Started Network Name Resolution.
[[0;32m  OK  [0m] Reached target Network.
[[0;32m  OK  [0m] Reached target Host and Network Name Lookups.
[[0;32m  OK  [0m] Started Wait for Network to be Configured.
         Starting Initial cloud-init job (metadata service crawler)...
[   11.677189] cloud-init[710]: Cloud-init v. 23.1.1-0ubuntu0~18.04.1 running 'init' at Thu, 06 Apr 2023 00:52:51 +0000. Up 11.54 seconds.
[   11.680908] cloud-init[710]: ci-info: ++++++++++++++++++++++++++++++++++++++Net device info++++++++++++++++++++++++++++++++++++++
[   11.684003] cloud-init[710]: ci-info: +--------+------+----------------------------+---------------+--------+-------------------+
[   11.687057] cloud-init[710]: ci-info: | Device |  Up  |          Address           |      Mask     | Scope  |     Hw-Address    |
[   11.690809] cloud-init[710]: ci-info: +--------+------+----------------------------+---------------+--------+-------------------+
[   11.700891] cloud-init[710]: ci-info: | enp0s3 | True |         10.0.2.15          | 255.255.255.0 | global | 02:59:f1:88:50:de |
[   11.704254] cloud-init[710]: ci-info: | enp0s3 | True | fe80::59:f1ff:fe88:50de/64 |       .       |  link  | 02:59:f1:88:50:de |
[   11.707626] cloud-init[710]: ci-info: |   lo   | True |         127.0.0.1          |   255.0.0.0   |  host  |         .         |
[   11.721137] cloud-init[710]: ci-info: |   lo   | True |          ::1/128           |       .       |  host  |         .         |
[   11.724334] cloud-init[710]: ci-info: +--------+------+----------------------------+---------------+--------+-------------------+
[   11.727348] cloud-init[710]: ci-info: ++++++++++++++++++++++++++++Route IPv4 info+++++++++++++++++++++++++++++
[   11.730502] cloud-init[710]: ci-info: +-------+-------------+----------+-----------------+-----------+-------+
[   11.733439] cloud-init[710]: ci-info: | Route | Destination | Gateway  |     Genmask     | Interface | Flags |
[   11.736189] cloud-init[710]: ci-info: +-------+-------------+----------+-----------------+-----------+-------+
[   11.754459] cloud-init[710]: ci-info: |   0   |   0.0.0.0   | 10.0.2.2 |     0.0.0.0     |   enp0s3  |   UG  |
[   11.758589] cloud-init[710]: ci-info: |   1   |   10.0.2.0  | 0.0.0.0  |  255.255.255.0  |   enp0s3  |   U   |
[   11.762678] cloud-init[710]: ci-info: |   2   |   10.0.2.2  | 0.0.0.0  | 255.255.255.255 |   enp0s3  |   UH  |
[   11.768656] cloud-init[710]: ci-info: +-------+-------------+----------+-----------------+-----------+-------+
[   11.773613] cloud-init[710]: ci-info: +++++++++++++++++++Route IPv6 info+++++++++++++++++++
[   11.777495] cloud-init[710]: ci-info: +-------+-------------+---------+-----------+-------+
[   11.781840] cloud-init[710]: ci-info: | Route | Destination | Gateway | Interface | Flags |
[   11.788958] cloud-init[710]: ci-info: +-------+-------------+---------+-----------+-------+
[   11.793005] cloud-init[710]: ci-info: |   1   |  fe80::/64  |    ::   |   enp0s3  |   U   |
[   11.796867] cloud-init[710]: ci-info: |   3   |    local    |    ::   |   enp0s3  |   U   |
[   11.800788] cloud-init[710]: ci-info: |   4   |   ff00::/8  |    ::   |   enp0s3  |   U   |
[   11.804305] cloud-init[710]: ci-info: +-------+-------------+---------+-----------+-------+
[   12.634766] cloud-init[710]: Generating public/private rsa key pair.
[   12.637618] cloud-init[710]: Your identification has been saved in /etc/ssh/ssh_host_rsa_key.
[   12.640880] cloud-init[710]: Your public key has been saved in /etc/ssh/ssh_host_rsa_key.pub.
[   12.644302] cloud-init[710]: The key fingerprint is:
[   12.647089] cloud-init[710]: SHA256:zkh5qL1saJ6k0ep5isXWW7p8l4ij8q/dTW6bKoREkLs root@ubuntu-bionic
[   12.651251] cloud-init[710]: The key's randomart image is:
[   12.654401] cloud-init[710]: +---[RSA 2048]----+
[   12.657517] cloud-init[710]: |.o               |
[   12.661133] cloud-init[710]: |. .              |
[   12.664423] cloud-init[710]: | o               |
[   12.668508] cloud-init[710]: |. .    o         |
[   12.673001] cloud-init[710]: | o .  + S        |
[   12.676694] cloud-init[710]: |E..o.+ =         |
[   12.680677] cloud-init[710]: |  =.=o+.+.       |
[   12.684209] cloud-init[710]: |.+ OBB+=+.       |
[   12.687744] cloud-init[710]: |.+XOX*=+=.       |
[   12.691447] cloud-init[710]: +----[SHA256]-----+
[   12.694853] cloud-init[710]: Generating public/private dsa key pair.
[   12.699058] cloud-init[710]: Your identification has been saved in /etc/ssh/ssh_host_dsa_key.
[   12.703953] cloud-init[710]: Your public key has been saved in /etc/ssh/ssh_host_dsa_key.pub.[[0;32m  OK  [0m] Started Initial cloud-init job (metadata service crawler).
[[0;32m  OK  [0m] Reached target System Initialization.
[[0;32m  OK  [0m] Started Discard unused blocks once a week.
[[0;32m  OK  [0m] Listening on Open-iSCSI iscsid Socket.

[   12.723030] cloud-init[710]: The key fingerprint is:
[   12.726072] cloud-init[710]: SHA256:HnaQXXq1Mxx511hP7ICmj+DuGTO9WRy6MkggIuoswHA root@ubuntu-bionic
[   12.729600] cloud-init[710]: The key's randomart image is:
[   12.732528] cloud-init         Starting Socket activation for snappy daemon.
[[0;32m  OK  [0m] Listening on UUID daemon activation socket.
[[0;32m  OK  [0m] Started ACPI Events Check.
[[0;32m  OK  [0m] Reached target Paths.
[[0;32m  OK  [0m] Started Message of the Day.
[[0;32m  OK  [0m] Started Daily Cleanup of Temporary Directories.
[[0;32m  OK  [0m] Listening on D-Bus System Message Bus Socket.
[[0;32m  OK  [0m] Started Daily apt download activities.
[[0;32m  OK  [0m] Started Daily apt upgrade and clean activities.
[[0;32m  OK  [0m] Listening on ACPID Listen Socket.
         Starting LXD - unix socket.
[[0;32m  OK  [0m] Started Ubuntu Advantage Timer for running repeated jobs.
[[0;32m  OK  [0m] Reached target Timers.
[[0;32m  OK  [0m] Listening on cloud-init hotplug hook socket.
[[0;32m  OK  [0m] Reached target Network is Online.
[[0;32m  OK  [0m] Reached target Remote File Systems (Pre).
[[0;32m  OK  [0m] Reached target Remote File Systems.
         Starting Availability of block devices...
[[0;32m  OK  [0m] Reached target Cloud-config availability.
[[0;32m  OK  [0m] Listening on Socket activation for snappy daemon.
[[0;32m  OK  [0m] Started Availability of block devices.
[[0;32m  OK  [0m] Listening on LXD - unix socket.
[[0;32m  OK  [0m] Reached target Sockets.
[[0;32m  OK  [0m] Reached target Basic System.
         Starting Virtualbox guest utils...
[710]: +---[DSA 1024]----+         Starting Pollinate to seed the pseudo random number generator...
         Starting LSB: automatic crash report generation...

[   12.773973]          Starting Login Service...
cloud-init[710]: |            ..o=+|
[   12.780219] cloud-init[710]: |         o ooo++*|
[   12.792611]          Starting Dispatcher daemon for systemd-networkd...
         Starting LSB: Record successful boot for GRUB...
[[0;32m  OK  [0m] Started irqbalance daemon.
         Starting Permit User Sessions...
[[0;32m  OK  [0m] Started Regular background program processing daemon.
         Starting Accounts Service...
cloud-init[710]: |        o oo. =+o|
[   12.806710] cloud-init[710]: |+ E .   ....   o.|
[   12.809775] [[0;32m  OK  [0m] Started D-Bus System Message Bus.
cloud-init[710]: |=o . . .S..o.    |
[   12.820096] cloud-init[710]: |o.    .o.+.o..   |
[   12.823290] cloud-init[710]: |+    . o= o o    |
[   12.831447] cloud-init[710]: |.o    . += =     |
[   12.834568] cloud-init[710]: |.      .oo+      |
[   12.837313] cloud-init[710]: +----[SHA256]-----+
[   12.840317] cloud-init[710]: Generating public/private ecdsa key pair.
[   12.844452] cloud-init[710]: Your identification has been saved in /etc/ssh/ssh_host_ecdsa_key.
[   12.848391] cloud-init[710]: Your public key has been saved in /etc/ssh/ssh_host_ecdsa_key.pub.
[   12.853189] cloud-init[710]: The key fingerprint is:
[   12.856478] cloud-init[710]: SHA256:84qMoAdoZ6FyKkDsfAWnjO0H5zr5cp9Mgllx4r5VEJQ root@ubuntu-bionic
[   12.860696] cloud-init[710]: The key's randomart image is:
[   12.864197] cloud-init[710]: +---[ECDSA 256]---+
[   12.866917] cloud-init[710]: |      .o.        |
[   12.870333] cloud-init[710]: |   . . E.        |
[   12.873327] cloud-init[710]: |. + +o o         |
[   12.877166] cloud-init[710]: | + *.o+ .        |
[   12.879806] cloud-init[710]: |= o *o  S.       |
[   12.896088] cloud-init[710]: |==.==o  .o       |
[   12.903181] cloud-init[710]: |++=o+o o  .      |
[   12.912240] cloud-init[710]: |o..* +*...       |
[   12.915742] cloud-init[710]: |o.  *o++.        |
[   12.918886] cloud-init[710]: +----[SHA256]-----+
[   12.921935] cloud-init[710]: Generating public/private ed25519 key pair.
[[0;32m  OK  [0m] Started FUSE filesystem for LXC.
[   12.928386] cloud-init[710]: Your identification has been saved in /etc/ssh/ssh_host_ed25519_key.
[   12.932057] cloud-init[710]: Your public key has been saved in /etc/ssh/ssh_host_ed25519_key.pub.
[   12.937206] cloud-init[710]: The key fingerprint is:
[   12.942601] cloud-init[710]: SHA256:MdhDHhMryM7AadK1pjAxH7Sj7PuWk87+wauLuPHC5aw root@ubuntu-bionic
[   12.946690] cloud-init[710]: The key's randomart image is:
[   12.951225] cloud-init[710]: +--[ED25519 256]--+
[   12.957897] cloud-init[710]: |o.o .   =.       |
[   12.959272] cloud-init[710]: | * * o = +       |
[   12.961350] cloud-init[710]: |+ X = o B        |
[   12.962667] cloud-init[710]: |.* B   . +       |
         Starting Snap Daemon...
[[0;32m  OK  [0m] Reached target Login Prompts (Pre).
[   12.970282] cloud-init[710]: |... o   S        |
[   12.974504] cloud-init[710]: |.  ..            |
[   12.976103] cloud-init[710]: |o.+ oo           |
[   12.977498] cloud-init[710]: |o++B  o          |
[   12.979360] cloud-init[710]: |oEBB=o           |
[   12.981041] cloud-init[710]: +----[SHA256]-----+
         Starting System Logging Service...
[[0;32m  OK  [0m] Started Deferred execution scheduler.
         Starting LXD - container startup/shutdown...
[[0;32m  OK  [0m] Started Permit User Sessions.
[[0;32m  OK  [0m] Started Login Service.
[[0;32m  OK  [0m] Started Unattended Upgrades Shutdown.
         Starting Hold until boot process finishes up...
         Starting Terminate Plymouth Boot Screen...
[[0;32m  OK  [0m] Started Hold until boot process finishes up.
[[0;32m  OK  [0m] Started System Logging Service.
[[0;32m  OK  [0m] Started Terminate Plymouth Boot Screen.
         Starting Authorization Manager...
         Starting Set console scheme...
[[0;32m  OK  [0m] Started Serial Getty on ttyS0.
[[0;32m  OK  [0m] Started Set console scheme.
[[0;32m  OK  [0m] Created slice system-getty.slice.
[[0;32m  OK  [0m] Started Getty on tty1.
[[0;32m  OK  [0m] Reached target Login Prompts.
[[0;32m  OK  [0m] Started LSB: automatic crash report generation.
[[0;32m  OK  [0m] Started LSB: Record successful boot for GRUB.
[[0;32m  OK  [0m] Started Authorization Manager.
[[0;32m  OK  [0m] Started Accounts Service.
[[0;32m  OK  [0m] Started LXD - container startup/shutdown.
[[0;32m  OK  [0m] Started Virtualbox guest utils.
[[0;32m  OK  [0m] Started Dispatcher daemon for systemd-networkd.
[[0;32m  OK  [0m] Started Snap Daemon.
         Starting Wait until snapd is fully seeded...
         Starting Time & Date Service...
[[0;32m  OK  [0m] Started Time & Date Service.
[[0;32m  OK  [0m] Started Pollinate to seed the pseudo random number generator.
         Starting OpenBSD Secure Shell server...
[[0;32m  OK  [0m] Started OpenBSD Secure Shell server.
[[0;32m  OK  [0m] Created slice User Slice of vagrant.
         Starting User Manager for UID 1000...
[[0;32m  OK  [0m] Started Session 1 of user vagrant.
[[0;32m  OK  [0m] Started User Manager for UID 1000.
         Stopping User Manager for UID 1000...
[[0;32m  OK  [0m] Stopped User Manager for UID 1000.
[[0;32m  OK  [0m] Removed slice User Slice of vagrant.
[[0;32m  OK  [0m] Created slice User Slice of vagrant.
         Starting User Manager for UID 1000...
[[0;32m  OK  [0m] Started Session 3 of user vagrant.
[[0;32m  OK  [0m] Started User Manager for UID 1000.

Ubuntu 18.04.6 LTS ubuntu-bionic ttyS0

ubuntu-bionic login: [   19.396572] cloud-init[1667]: Cloud-init v. 23.1.1-0ubuntu0~18.04.1 running 'modules:config' at Thu, 06 Apr 2023 00:52:59 +0000. Up 18.99 seconds.
ci-info: no authorized SSH keys fingerprints found for user ubuntu.
<14>Apr  6 00:53:00 cloud-init: #############################################################
<14>Apr  6 00:53:00 cloud-init: -----BEGIN SSH HOST KEY FINGERPRINTS-----
<14>Apr  6 00:53:00 cloud-init: 1024 SHA256:HnaQXXq1Mxx511hP7ICmj+DuGTO9WRy6MkggIuoswHA root@ubuntu-bionic (DSA)
<14>Apr  6 00:53:00 cloud-init: 256 SHA256:84qMoAdoZ6FyKkDsfAWnjO0H5zr5cp9Mgllx4r5VEJQ root@ubuntu-bionic (ECDSA)
<14>Apr  6 00:53:00 cloud-init: 256 SHA256:MdhDHhMryM7AadK1pjAxH7Sj7PuWk87+wauLuPHC5aw root@ubuntu-bionic (ED25519)
<14>Apr  6 00:53:00 cloud-init: 2048 SHA256:zkh5qL1saJ6k0ep5isXWW7p8l4ij8q/dTW6bKoREkLs root@ubuntu-bionic (RSA)
<14>Apr  6 00:53:00 cloud-init: -----END SSH HOST KEY FINGERPRINTS-----
<14>Apr  6 00:53:00 cloud-init: #############################################################
-----BEGIN SSH HOST KEY KEYS-----
ecdsa-sha2-nistp256 AAAAE2VjZHNhLXNoYTItbmlzdHAyNTYAAAAIbmlzdHAyNTYAAABBBJ1mTyACqTMz5YSWMMuAVy2uf9IpR2EzsOrjUU58alZYMIH7nCavGLlAxqIENHkrW2MydJjS8+Rq2miNKdmgfbg= root@ubuntu-bionic
ssh-ed25519 AAAAC3NzaC1lZDI1NTE5AAAAIHSjJZWbArjmS/T03pak0kwpMZoPWoidPv7KY9IT4Nu5 root@ubuntu-bionic
ssh-rsa AAAAB3NzaC1yc2EAAAADAQABAAABAQCsZZC45keCPks0jB40kj8wgV8KWa+uoiMTilyHFU3BcAWjBOT5vYHerSB9kuRdorz22EJeuEvG+zTqW3mqM1eZzXNkN7eMCkHTd0ke5NvEVW/wPDbV8SakyF/D/h8ibdsJRaJdjoSVKPATxrsMdKUEHY8s5C6T/AVjGYEk/b+940CdBZnlg6KUdDZ4ca+AJz1NmoTXLHziU0Y2rGzutPQguvEjjHdo8+rDojcLPqCBfKzY86a9Ooeh1CI2f3ejliCbMON0Gj+N5DxcUmGCaajfzZvXpzL1zudQONvwQ5SMJnnUEDfNoJi+VoMKN9sixkd/L76rI/WCSQdG6wFiF9Q5 root@ubuntu-bionic
-----END SSH HOST KEY KEYS-----
[   20.044379] cloud-init[1853]: Cloud-init v. 23.1.1-0ubuntu0~18.04.1 running 'modules:final' at Thu, 06 Apr 2023 00:53:00 +0000. Up 19.85 seconds.
[   20.044521] cloud-init[1853]: Cloud-init v. 23.1.1-0ubuntu0~18.04.1 finished at Thu, 06 Apr 2023 00:53:00 +0000. Datasource DataSourceNoCloud [seed=/dev/sdb][dsmode=net].  Up 20.03 seconds
