[    0.000000] Linux version 4.15.0-208-generic (buildd@lcy02-amd64-015) (gcc version 7.5.0 (Ubuntu 7.5.0-3ubuntu1~18.04)) #220-Ubuntu SMP Mon Mar 20 14:27:01 UTC 2023 (Ubuntu 4.15.0-208.220-generic 4.15.18)
[    0.000000] Command line: BOOT_IMAGE=/boot/vmlinuz-4.15.0-208-generic root=LABEL=cloudimg-rootfs ro console=tty1 console=ttyS0
[    0.000000] KERNEL supported cpus:
[    0.000000]   Intel GenuineIntel
[    0.000000]   AMD AuthenticAMD
[    0.000000]   Centaur CentaurHauls
[    0.000000] x86/fpu: Supporting XSAVE feature 0x001: 'x87 floating point registers'
[    0.000000] x86/fpu: Supporting XSAVE feature 0x002: 'SSE registers'
[    0.000000] x86/fpu: Supporting XSAVE feature 0x004: 'AVX registers'
[    0.000000] x86/fpu: xstate_offset[2]:  576, xstate_sizes[2]:  256
[    0.000000] x86/fpu: Enabled xstate features 0x7, context size is 832 bytes, using 'standard' format.
[    0.000000] e820: BIOS-provided physical RAM map:
[    0.000000] BIOS-e820: [mem 0x0000000000000000-0x000000000009fbff] usable
[    0.000000] BIOS-e820: [mem 0x000000000009fc00-0x000000000009ffff] reserved
[    0.000000] BIOS-e820: [mem 0x00000000000f0000-0x00000000000fffff] reserved
[    0.000000] BIOS-e820: [mem 0x0000000000100000-0x000000007ffeffff] usable
[    0.000000] BIOS-e820: [mem 0x000000007fff0000-0x000000007fffffff] ACPI data
[    0.000000] BIOS-e820: [mem 0x00000000fec00000-0x00000000fec00fff] reserved
[    0.000000] BIOS-e820: [mem 0x00000000fee00000-0x00000000fee00fff] reserved
[    0.000000] BIOS-e820: [mem 0x00000000fffc0000-0x00000000ffffffff] reserved
[    0.000000] NX (Execute Disable) protection: active
[    0.000000] SMBIOS 2.5 present.
[    0.000000] DMI: innotek GmbH VirtualBox/VirtualBox, BIOS VirtualBox 12/01/2006
[    0.000000] Hypervisor detected: KVM
[    0.000000] e820: last_pfn = 0x7fff0 max_arch_pfn = 0x400000000
[    0.000000] MTRR: Disabled
[    0.000000] x86/PAT: MTRRs disabled, skipping PAT initialization too.
[    0.000000] CPU MTRRs all blank - virtualized system.
[    0.000000] x86/PAT: Configuration [0-7]: WB  WT  UC- UC  WB  WT  UC- UC  
[    0.000000] found SMP MP-table at [mem 0x0009fff0-0x0009ffff]
[    0.000000] Scanning 1 areas for low memory corruption
[    0.000000] RAMDISK: [mem 0x359c9000-0x36cdbfff]
[    0.000000] ACPI: Early table checksum verification disabled
[    0.000000] ACPI: RSDP 0x00000000000E0000 000024 (v02 VBOX  )
[    0.000000] ACPI: XSDT 0x000000007FFF0030 00003C (v01 VBOX   VBOXXSDT 00000001 ASL  00000061)
[    0.000000] ACPI: FACP 0x000000007FFF00F0 0000F4 (v04 VBOX   VBOXFACP 00000001 ASL  00000061)
[    0.000000] ACPI: DSDT 0x000000007FFF0610 002353 (v02 VBOX   VBOXBIOS 00000002 INTL 20200528)
[    0.000000] ACPI: FACS 0x000000007FFF0200 000040
[    0.000000] ACPI: FACS 0x000000007FFF0200 000040
[    0.000000] ACPI: APIC 0x000000007FFF0240 00005C (v02 VBOX   VBOXAPIC 00000001 ASL  00000061)
[    0.000000] ACPI: SSDT 0x000000007FFF02A0 00036C (v01 VBOX   VBOXCPUT 00000002 INTL 20200528)
[    0.000000] ACPI: Reserving FACP table memory at [mem 0x7fff00f0-0x7fff01e3]
[    0.000000] ACPI: Reserving DSDT table memory at [mem 0x7fff0610-0x7fff2962]
[    0.000000] ACPI: Reserving FACS table memory at [mem 0x7fff0200-0x7fff023f]
[    0.000000] ACPI: Reserving FACS table memory at [mem 0x7fff0200-0x7fff023f]
[    0.000000] ACPI: Reserving APIC table memory at [mem 0x7fff0240-0x7fff029b]
[    0.000000] ACPI: Reserving SSDT table memory at [mem 0x7fff02a0-0x7fff060b]
[    0.000000] No NUMA configuration found
[    0.000000] Faking a node at [mem 0x0000000000000000-0x000000007ffeffff]
[    0.000000] NODE_DATA(0) allocated [mem 0x7ffc5000-0x7ffeffff]
[    0.000000] kvm-clock: cpu 0, msr 0:7ff44001, primary cpu clock
[    0.000000] kvm-clock: Using msrs 4b564d01 and 4b564d00
[    0.000000] kvm-clock: using sched offset of 3382250565 cycles
[    0.000000] clocksource: kvm-clock: mask: 0xffffffffffffffff max_cycles: 0x1cd42e4dffb, max_idle_ns: 881590591483 ns
[    0.000000] Zone ranges:
[    0.000000]   DMA      [mem 0x0000000000001000-0x0000000000ffffff]
[    0.000000]   DMA32    [mem 0x0000000001000000-0x000000007ffeffff]
[    0.000000]   Normal   empty
[    0.000000]   Device   empty
[    0.000000] Movable zone start for each node
[    0.000000] Early memory node ranges
[    0.000000]   node   0: [mem 0x0000000000001000-0x000000000009efff]
[    0.000000]   node   0: [mem 0x0000000000100000-0x000000007ffeffff]
[    0.000000] Reserved but unavailable: 104 pages
[    0.000000] Initmem setup node 0 [mem 0x0000000000001000-0x000000007ffeffff]
[    0.000000] ACPI: PM-Timer IO Port: 0x4008
[    0.000000] IOAPIC[0]: apic_id 2, version 32, address 0xfec00000, GSI 0-23
[    0.000000] ACPI: INT_SRC_OVR (bus 0 bus_irq 0 global_irq 2 dfl dfl)
[    0.000000] ACPI: INT_SRC_OVR (bus 0 bus_irq 9 global_irq 9 low level)
[    0.000000] Using ACPI (MADT) for SMP configuration information
[    0.000000] smpboot: Allowing 2 CPUs, 0 hotplug CPUs
[    0.000000] PM: Registered nosave memory: [mem 0x00000000-0x00000fff]
[    0.000000] PM: Registered nosave memory: [mem 0x0009f000-0x0009ffff]
[    0.000000] PM: Registered nosave memory: [mem 0x000a0000-0x000effff]
[    0.000000] PM: Registered nosave memory: [mem 0x000f0000-0x000fffff]
[    0.000000] e820: [mem 0x80000000-0xfebfffff] available for PCI devices
[    0.000000] Booting paravirtualized kernel on KVM
[    0.000000] clocksource: refined-jiffies: mask: 0xffffffff max_cycles: 0xffffffff, max_idle_ns: 7645519600211568 ns
[    0.000000] setup_percpu: NR_CPUS:8192 nr_cpumask_bits:2 nr_cpu_ids:2 nr_node_ids:1
[    0.000000] percpu: Embedded 50 pages/cpu s167936 r8192 d28672 u1048576
[    0.000000] PV qspinlock hash table entries: 256 (order: 0, 4096 bytes)
[    0.000000] Built 1 zonelists, mobility grouping on.  Total pages: 515961
[    0.000000] Policy zone: DMA32
[    0.000000] Kernel command line: BOOT_IMAGE=/boot/vmlinuz-4.15.0-208-generic root=LABEL=cloudimg-rootfs ro console=tty1 console=ttyS0
[    0.000000] Memory: 2014832K/2096696K available (12300K kernel code, 2477K rwdata, 4324K rodata, 2480K init, 2720K bss, 81864K reserved, 0K cma-reserved)
[    0.000000] SLUB: HWalign=64, Order=0-3, MinObjects=0, CPUs=2, Nodes=1
[    0.000000] Kernel/User page tables isolation: enabled
[    0.000000] ftrace: allocating 39494 entries in 155 pages
[    0.004000] Hierarchical RCU implementation.
[    0.004000] 	RCU restricting CPUs from NR_CPUS=8192 to nr_cpu_ids=2.
[    0.004000] 	Tasks RCU enabled.
[    0.004000] RCU: Adjusting geometry for rcu_fanout_leaf=16, nr_cpu_ids=2
[    0.004000] NR_IRQS: 524544, nr_irqs: 440, preallocated irqs: 16
[    0.004000] random: crng init done
[    0.004000] Console: colour VGA+ 80x25
[    0.004000] console [tty1] enabled
[    0.004000] console [ttyS0] enabled
[    0.004000] ACPI: Core revision 20170831
[    0.004000] ACPI: 2 ACPI AML tables successfully acquired and loaded
[    0.004000] APIC: Switch to symmetric I/O mode setup
[    0.004721] x2apic enabled
[    0.008018] Switched APIC routing to physical x2apic.
[    0.012000] ..TIMER: vector=0x30 apic1=0 pin1=2 apic2=-1 pin2=-1
[    0.012003] tsc: Detected 2602.408 MHz processor
[    0.016008] Calibrating delay loop (skipped) preset value.. 5204.81 BogoMIPS (lpj=10409632)
[    0.020003] pid_max: default: 32768 minimum: 301
[    0.024038] Security Framework initialized
[    0.028002] Yama: becoming mindful.
[    0.030273] AppArmor: AppArmor initialized
[    0.034601] Dentry cache hash table entries: 262144 (order: 9, 2097152 bytes)
[    0.037288] Inode-cache hash table entries: 131072 (order: 8, 1048576 bytes)
[    0.040050] Mount-cache hash table entries: 4096 (order: 3, 32768 bytes)
[    0.044043] Mountpoint-cache hash table entries: 4096 (order: 3, 32768 bytes)
[    0.053229] Last level iTLB entries: 4KB 64, 2MB 8, 4MB 8
[    0.056002] Last level dTLB entries: 4KB 64, 2MB 0, 4MB 0, 1GB 4
[    0.060017] Spectre V1 : Mitigation: usercopy/swapgs barriers and __user pointer sanitization
[    0.064002] Spectre V2 : Mitigation: Retpolines
[    0.068002] Spectre V2 : Spectre v2 / SpectreRSB mitigation: Filling RSB on context switch
[    0.072001] Spectre V2 : Spectre v2 / SpectreRSB : Filling RSB on VMEXIT
[    0.076003] RETBleed: WARNING: Spectre v2 mitigation leaves CPU vulnerable to RETBleed attacks, data leaks possible!
[    0.080002] RETBleed: Vulnerable
[    0.082028] Speculative Store Bypass: Vulnerable
[    0.084095] MDS: Mitigation: Clear CPU buffers
[    0.088002] MMIO Stale Data: Mitigation: Clear CPU buffers
[    0.091204] SRBDS: Unknown: Dependent on hypervisor status
[    0.092156] Freeing SMP alternatives memory: 36K
[    0.209267] smpboot: CPU0: Intel(R) Core(TM) i7-9750H CPU @ 2.60GHz (family: 0x6, model: 0x9e, stepping: 0xa)
[    0.212182] Performance Events: unsupported p6 CPU model 158 no PMU driver, software events only.
[    0.216067] Hierarchical SRCU implementation.
[    0.220542] NMI watchdog: Perf event create on CPU 0 failed with -2
[    0.224002] NMI watchdog: Perf NMI watchdog permanently disabled
[    0.228131] smp: Bringing up secondary CPUs ...
[    0.232335] x86: Booting SMP configuration:
[    0.234811] .... node  #0, CPUs:      #1
[    0.004000] kvm-clock: cpu 1, msr 0:7ff44041, secondary cpu clock
[    0.236062] smp: Brought up 1 node, 2 CPUs
[    0.240004] smpboot: Max logical packages: 1
[    0.244003] smpboot: Total of 2 processors activated (10409.63 BogoMIPS)
[    0.248204] devtmpfs: initialized
[    0.250401] x86/mm: Memory block size: 128MB
[    0.252283] evm: security.selinux
[    0.256002] evm: security.SMACK64
[    0.258077] evm: security.SMACK64EXEC
[    0.260003] evm: security.SMACK64TRANSMUTE
[    0.262564] evm: security.SMACK64MMAP
[    0.264003] evm: security.apparmor
[    0.266115] evm: security.ima
[    0.268002] evm: security.capability
[    0.272181] clocksource: jiffies: mask: 0xffffffff max_cycles: 0xffffffff, max_idle_ns: 7645041785100000 ns
[    0.276007] futex hash table entries: 512 (order: 3, 32768 bytes)
[    0.280072] pinctrl core: initialized pinctrl subsystem
[    0.284340] RTC time:  0:50:20, date: 04/06/23
[    0.288316] NET: Registered protocol family 16
[    0.290999] audit: initializing netlink subsys (disabled)
[    0.292064] audit: type=2000 audit(1680742225.161:1): state=initialized audit_enabled=0 res=1
[    0.296011] cpuidle: using governor ladder
[    0.298724] cpuidle: using governor menu
[    0.300031] ACPI: bus type PCI registered
[    0.304003] acpiphp: ACPI Hot Plug PCI Controller Driver version: 0.5
[    0.308299] PCI: Using configuration type 1 for base access
[    0.313042] HugeTLB registered 2.00 MiB page size, pre-allocated 0 pages
[    0.316173] ACPI: Added _OSI(Module Device)
[    0.320003] ACPI: Added _OSI(Processor Device)
[    0.324002] ACPI: Added _OSI(3.0 _SCP Extensions)
[    0.327134] ACPI: Added _OSI(Processor Aggregator Device)
[    0.328003] ACPI: Added _OSI(Linux-Dell-Video)
[    0.332002] ACPI: Added _OSI(Linux-Lenovo-NV-HDMI-Audio)
[    0.336002] ACPI: Added _OSI(Linux-HPI-Hybrid-Graphics)
[    0.340431] ACPI: Executed 1 blocks of module-level executable AML code
[    0.347851] ACPI: Interpreter enabled
[    0.348012] ACPI: (supports S0 S5)
[    0.352003] ACPI: Using IOAPIC for interrupt routing
[    0.355211] PCI: Using host bridge windows from ACPI; if necessary, use "pci=nocrs" and report a bug
[    0.356209] ACPI: Enabled 2 GPEs in block 00 to 07
[    0.368707] ACPI: PCI Root Bridge [PCI0] (domain 0000 [bus 00-ff])
[    0.372006] acpi PNP0A03:00: _OSC: OS supports [ASPM ClockPM Segments MSI]
[    0.376672] acpi PNP0A03:00: _OSC: not requesting OS control; OS requires [ExtendedConfig ASPM ClockPM MSI]
[    0.380012] acpi PNP0A03:00: fail to add MMCONFIG information, can't access extended PCI configuration space under this bridge.
[    0.388376] PCI host bridge to bus 0000:00
[    0.391173] pci_bus 0000:00: root bus resource [io  0x0000-0x0cf7 window]
[    0.392003] pci_bus 0000:00: root bus resource [io  0x0d00-0xffff window]
[    0.396003] pci_bus 0000:00: root bus resource [mem 0x000a0000-0x000bffff window]
[    0.400003] pci_bus 0000:00: root bus resource [mem 0x80000000-0xfdffffff window]
[    0.404004] pci_bus 0000:00: root bus resource [bus 00-ff]
[    0.412826] pci 0000:00:01.1: legacy IDE quirk: reg 0x10: [io  0x01f0-0x01f7]
[    0.416002] pci 0000:00:01.1: legacy IDE quirk: reg 0x14: [io  0x03f6]
[    0.420003] pci 0000:00:01.1: legacy IDE quirk: reg 0x18: [io  0x0170-0x0177]
[    0.424002] pci 0000:00:01.1: legacy IDE quirk: reg 0x1c: [io  0x0376]
[    0.472331] pci 0000:00:07.0: quirk: [io  0x4000-0x403f] claimed by PIIX4 ACPI
[    0.476031] pci 0000:00:07.0: quirk: [io  0x4100-0x410f] claimed by PIIX4 SMB
[    0.491136] ACPI: PCI Interrupt Link [LNKA] (IRQs 5 9 10 *11)
[    0.492466] ACPI: PCI Interrupt Link [LNKB] (IRQs 5 9 *10 11)
[    0.496173] ACPI: PCI Interrupt Link [LNKC] (IRQs 5 *9 10 11)
[    0.500189] ACPI: PCI Interrupt Link [LNKD] (IRQs 5 9 10 *11)
[    0.504421] SCSI subsystem initialized
[    0.508120] pci 0000:00:02.0: vgaarb: setting as boot VGA device
[    0.511983] pci 0000:00:02.0: vgaarb: VGA device added: decodes=io+mem,owns=io+mem,locks=none
[    0.512008] pci 0000:00:02.0: vgaarb: bridge control possible
[    0.516004] vgaarb: loaded
[    0.517742] ACPI: bus type USB registered
[    0.520020] usbcore: registered new interface driver usbfs
[    0.524017] usbcore: registered new interface driver hub
[    0.528035] usbcore: registered new device driver usb
[    0.532105] EDAC MC: Ver: 3.0.0
[    0.536527] PCI: Using ACPI for IRQ routing
[    0.540016] NetLabel: Initializing
[    0.542234] NetLabel:  domain hash size = 128
[    0.544002] NetLabel:  protocols = UNLABELED CIPSOv4 CALIPSO
[    0.548016] NetLabel:  unlabeled traffic allowed by default
[    0.552006] clocksource: Switched to clocksource kvm-clock
[    0.573613] VFS: Disk quotas dquot_6.6.0
[    0.576561] VFS: Dquot-cache hash table entries: 512 (order 0, 4096 bytes)
[    0.580931] AppArmor: AppArmor Filesystem Enabled
[    0.583808] pnp: PnP ACPI init
[    0.587738] pnp: PnP ACPI: found 3 devices
[    0.606353] clocksource: acpi_pm: mask: 0xffffff max_cycles: 0xffffff, max_idle_ns: 2085701024 ns
[    0.611889] NET: Registered protocol family 2
[    0.615284] IP idents hash table entries: 32768 (order: 6, 262144 bytes)
[    0.619498] TCP established hash table entries: 16384 (order: 5, 131072 bytes)
[    0.623778] TCP bind hash table entries: 16384 (order: 6, 262144 bytes)
[    0.627879] TCP: Hash tables configured (established 16384 bind 16384)
[    0.631780] UDP hash table entries: 1024 (order: 3, 32768 bytes)
[    0.635676] UDP-Lite hash table entries: 1024 (order: 3, 32768 bytes)
[    0.639498] NET: Registered protocol family 1
[    0.642339] pci 0000:00:00.0: Limiting direct PCI/PCI transfers
[    0.646046] pci 0000:00:01.0: Activating ISA DMA hang workarounds
[    0.649704] pci 0000:00:02.0: Video device with shadowed ROM at [mem 0x000c0000-0x000dffff]
[    0.654699] Unpacking initramfs...
[    0.947757] Freeing initrd memory: 19532K
[    0.950422] clocksource: tsc: mask: 0xffffffffffffffff max_cycles: 0x25831ec4cca, max_idle_ns: 440795278259 ns
[    0.956661] platform rtc_cmos: registered platform RTC device (no PNP device found)
[    0.961201] Scanning for low memory corruption every 60 seconds
[    0.966374] Initialise system trusted keyrings
[    0.968962] Key type blacklist registered
[    0.971486] workingset: timestamp_bits=36 max_order=19 bucket_order=0
[    0.977140] zbud: loaded
[    0.979474] squashfs: version 4.0 (2009/01/31) Phillip Lougher
[    0.983762] fuse init (API version 7.26)
[    0.992186] Key type asymmetric registered
[    0.994957] Asymmetric key parser 'x509' registered
[    0.998034] Block layer SCSI generic (bsg) driver version 0.4 loaded (major 246)
[    1.002644] io scheduler noop registered
[    1.005269] io scheduler deadline registered
[    1.007786] io scheduler cfq registered (default)
[    1.011228] ACPI: AC Adapter [AC] (on-line)
[    1.014513] input: Power Button as /devices/LNXSYSTM:00/LNXPWRBN:00/input/input0
[    1.019116] ACPI: Power Button [PWRF]
[    1.021709] input: Sleep Button as /devices/LNXSYSTM:00/LNXSLPBN:00/input/input1
[    1.026940] ACPI: Sleep Button [SLPF]
[    1.031572] ACPI: Battery Slot [BAT0] (battery present)
[    1.035060] Serial: 8250/16550 driver, 32 ports, IRQ sharing enabled
[    1.065323] 00:02: ttyS0 at I/O 0x3f8 (irq = 4, base_baud = 115200) is a 16550A
[    1.075551] Linux agpgart interface v0.103
[    1.081166] loop: module loaded
[    1.084368] scsi host0: ata_piix
[    1.086516] scsi host1: ata_piix
[    1.088445] ata1: PATA max UDMA/33 cmd 0x1f0 ctl 0x3f6 bmdma 0xd000 irq 14
[    1.092338] ata2: PATA max UDMA/33 cmd 0x170 ctl 0x376 bmdma 0xd008 irq 15
[    1.097464] tun: Universal TUN/TAP device driver, 1.6
[    1.100905] PPP generic driver version 2.4.2
[    1.104283] ehci_hcd: USB 2.0 'Enhanced' Host Controller (EHCI) Driver
[    1.107914] ehci-pci: EHCI PCI platform driver
[    1.110566] ehci-platform: EHCI generic platform driver
[    1.113609] ohci_hcd: USB 1.1 'Open' Host Controller (OHCI) Driver
[    1.117832] ohci-pci: OHCI PCI platform driver
[    1.120782] ohci-platform: OHCI generic platform driver
[    1.123751] uhci_hcd: USB Universal Host Controller Interface driver
[    1.127390] i8042: PNP: PS/2 Controller [PNP0303:PS2K,PNP0f03:PS2M] at 0x60,0x64 irq 1,12
[    1.134356] serio: i8042 KBD port at 0x60,0x64 irq 1
[    1.137979] serio: i8042 AUX port at 0x60,0x64 irq 12
[    1.141438] mousedev: PS/2 mouse device common for all mice
[    1.147411] input: AT Translated Set 2 keyboard as /devices/platform/i8042/serio0/input/input2
[    1.148587] rtc_cmos rtc_cmos: rtc core: registered rtc_cmos as rtc0
[    1.157444] rtc_cmos rtc_cmos: alarms up to one day, 114 bytes nvram
[    1.161183] i2c /dev entries driver
[    1.164291] device-mapper: uevent: version 1.0.3
[    1.167515] device-mapper: ioctl: 4.37.0-ioctl (2017-09-20) initialised: dm-devel@redhat.com
[    1.173387] ledtrig-cpu: registered to indicate activity on CPUs
[    1.178530] NET: Registered protocol family 10
[    1.186796] Segment Routing with IPv6
[    1.189207] NET: Registered protocol family 17
[    1.192210] Key type dns_resolver registered
[    1.196171] mce: Using 0 MCE banks
[    1.198517] RAS: Correctable Errors collector initialized.
[    1.200085] sched_clock: Marking stable (1196085632, 0)->(1703485345, -507399713)
[    1.208188] registered taskstats version 1
[    1.210848] Loading compiled-in X.509 certificates
[    1.217718] Loaded X.509 cert 'Build time autogenerated kernel key: 05d3fa630a0ed8a65520e390196b077fd5e65720'
[    1.224360] Loaded X.509 cert 'Canonical Ltd. Live Patch Signing: 14df34d1a87cf37625abec039ef2bf521249b969'
[    1.230884] Loaded X.509 cert 'Canonical Ltd. Kernel Module Signing: 88f752e560a1e0737e31163a466ad7b70a850c19'
[    1.236900] blacklist: Loading compiled-in revocation X.509 certificates
[    1.241304] Loaded X.509 cert 'Canonical Ltd. Secure Boot Signing: 61482aa2830d0ab2ad5af10b7250da9033ddcef0'
[    1.247281] Loaded X.509 cert 'Canonical Ltd. Secure Boot Signing (2017): 242ade75ac4a15e50d50c84b0d45ff3eae707a03'
[    1.253521] Loaded X.509 cert 'Canonical Ltd. Secure Boot Signing (ESM 2018): 365188c1d374d6b07c3c8f240f8ef722433d6a8b'
[    1.260076] Loaded X.509 cert 'Canonical Ltd. Secure Boot Signing (2019): c0746fd6c5da3ae827864651ad66ae47fe24b3e8'
[    1.282110] Loaded X.509 cert 'Canonical Ltd. Secure Boot Signing (2021 v1): a8d54bbb3825cfb94fa13c9f8a594a195c107b8d'
[    1.289145] Loaded X.509 cert 'Canonical Ltd. Secure Boot Signing (2021 v2): 4cf046892d6fd3c9a5b03f98d845f90851dc6a8c'
[    1.300334] Loaded X.509 cert 'Canonical Ltd. Secure Boot Signing (2021 v3): 100437bb6de6e469b581e61cd66bce3ef4ed53af'
[    1.307692] Loaded X.509 cert 'Canonical Ltd. Secure Boot Signing (Ubuntu Core 2019): c1d57b8f6b743f23ee41f4f7ee292f06eecadfb9'
[    1.315751] zswap: loaded using pool lzo/zbud
[    1.330500] Key type big_key registered
[    1.333160] Key type trusted registered
[    1.338351] Key type encrypted registered
[    1.340996] AppArmor: AppArmor sha1 policy hashing enabled
[    1.344944] ima: No TPM chip found, activating TPM-bypass! (rc=-19)
[    1.348728] ima: Allocated hash algorithm: sha1
[    1.351663] evm: HMAC attrs: 0x1
[    1.354787]   Magic number: 3:222:809
[    1.357697] rtc_cmos rtc_cmos: setting system clock to 2023-04-06 00:50:21 UTC (1680742221)
[    1.363793] BIOS EDD facility v0.16 2004-Jun-25, 0 devices found
[    1.367973] EDD information not available.
[    1.374091] Freeing unused kernel image memory: 2480K
[    1.392950] Write protecting the kernel read-only data: 20480k
[    1.397763] Freeing unused kernel image memory: 2008K
[    1.401484] Freeing unused kernel image memory: 1820K
[    1.409733] x86/mm: Checked W+X mappings: passed, no W+X pages found.
[    1.414436] x86/mm: Checking user space page tables
[    1.422326] x86/mm: Checked W+X mappings: passed, no W+X pages found.
Loading, please wait...
starting version 237
[    1.489704] Fusion MPT base driver 3.04.20
[    1.493183] Copyright (c) 1999-2008 LSI Corporation
[    1.500211] Fusion MPT SPI Host driver 3.04.20
[    1.512282] e1000: Intel(R) PRO/1000 Network Driver - version 7.3.21-k8-NAPI
[    1.517255] e1000: Copyright (c) 1999-2006 Intel Corporation.
[    1.533918] AVX2 version of gcm_enc/dec engaged.
[    1.537053] AES CTR mode by8 optimization enabled
[    1.543842] mptbase: ioc0: Initiating bringup
[    1.645455] ioc0: LSI53C1030 A0: Capabilities={Initiator}
[    1.723613] input: ImExPS/2 Generic Explorer Mouse as /devices/platform/i8042/serio1/input/input4
[    1.894012] scsi host2: ioc0: LSI53C1030 A0, FwRev=00000000h, Ports=1, MaxQ=256, IRQ=20
[    2.066283] scsi 2:0:0:0: Direct-Access     VBOX     HARDDISK         1.0  PQ: 0 ANSI: 5
[    2.119097] scsi target2:0:0: Beginning Domain Validation
[    2.126712] scsi target2:0:0: Domain Validation skipping write tests
[    2.131284] scsi target2:0:0: Ending Domain Validation
[    2.134830] scsi target2:0:0: asynchronous
[    2.138570] scsi 2:0:1:0: Direct-Access     VBOX     HARDDISK         1.0  PQ: 0 ANSI: 5
[    2.504883] scsi target2:0:1: Beginning Domain Validation
[    2.511376] scsi target2:0:1: Domain Validation skipping write tests
[    2.515002] scsi target2:0:1: Ending Domain Validation
[    2.519129] scsi target2:0:1: asynchronous
[    2.528374] sd 2:0:0:0: [sda] 83886080 512-byte logical blocks: (42.9 GB/40.0 GiB)
[    2.532904] sd 2:0:0:0: [sda] Write Protect is off
[    2.536299] sd 2:0:0:0: [sda] Incomplete mode parameter data
[    2.541328] sd 2:0:0:0: [sda] Assuming drive cache: write through
[    2.550024] sd 2:0:0:0: Attached scsi generic sg0 type 0
[    2.555536] sd 2:0:1:0: [sdb] 20480 512-byte logical blocks: (10.5 MB/10.0 MiB)
[    2.561261] e1000 0000:00:03.0 eth0: (PCI:33MHz:32-bit) 02:59:f1:88:50:de
[    2.561265] e1000 0000:00:03.0 eth0: Intel(R) PRO/1000 Network Connection
[    2.570635] sd 2:0:1:0: Attached scsi generic sg1 type 0
[    2.570722] sd 2:0:1:0: [sdb] Write Protect is off
[    2.575554]  sda: sda1
[    2.581667] sd 2:0:1:0: [sdb] Incomplete mode parameter data
[    2.585097] sd 2:0:1:0: [sdb] Assuming drive cache: write through
[    2.589763] sd 2:0:0:0: [sda] Attached SCSI disk
[    2.596744] sd 2:0:1:0: [sdb] Attached SCSI disk
[    2.601780] e1000 0000:00:03.0 enp0s3: renamed from eth0
Begin: Loading essential drivers ... [    4.613212] raid6: sse2x1   gen() 13727 MB/s
[    4.660633] raid6: sse2x1   xor()  9673 MB/s
[    4.709404] raid6: sse2x2   gen() 16946 MB/s
[    4.756321] raid6: sse2x2   xor() 10609 MB/s
[    4.804948] raid6: sse2x4   gen() 18609 MB/s
[    4.852828] raid6: sse2x4   xor() 11757 MB/s
[    4.900961] raid6: avx2x1   gen() 26533 MB/s
[    4.952478] raid6: avx2x1   xor() 18592 MB/s
[    5.000504] raid6: avx2x2   gen() 30137 MB/s
[    5.048238] raid6: avx2x2   xor() 19415 MB/s
[    5.096642] raid6: avx2x4   gen() 36902 MB/s
[    5.144667] raid6: avx2x4   xor() 22330 MB/s
[    5.147600] raid6: using algorithm avx2x4 gen() 36902 MB/s
[    5.150939] raid6: .... xor() 22330 MB/s, rmw enabled
[    5.154009] raid6: using avx2x2 recovery algorithm
[    5.158016] xor: automatically using best checksumming function   avx       
[    5.164353] async_tx: api initialized (async)
done.
Begin: Running /scripts/init-premount ... done.
Begin: Mounting root file system ... Begin: Running /scripts/local-top ... done.
Begin: Running /scripts/local-premount ... [    5.215206] Btrfs loaded, crc32c=crc32c-intel
Scanning for Btrfs filesystems
done.
Warning: fsck not present, so skipping root file system
[    5.247600] EXT4-fs (sda1): mounted filesystem with ordered data mode. Opts: (null)
done.
Begin: Running /scripts/local-bottom ... done.
Begin: Running /scripts/init-bottom ... done.
[    5.444257] ip_tables: (C) 2000-2006 Netfilter Core Team
[    5.458139] systemd[1]: systemd 237 running in system mode. (+PAM +AUDIT +SELINUX +IMA +APPARMOR +SMACK +SYSVINIT +UTMP +LIBCRYPTSETUP +GCRYPT +GNUTLS +ACL +XZ +LZ4 +SECCOMP +BLKID +ELFUTILS +KMOD -IDN2 +IDN -PCRE2 default-hierarchy=hybrid)
[    5.470443] systemd[1]: Detected virtualization oracle.
[    5.473513] systemd[1]: Detected architecture x86-64.

Welcome to [1mUbuntu 18.04.6 LTS[0m!

[    5.488813] systemd[1]: Set hostname to <ubuntu>.
[    5.495841] systemd[1]: Initializing machine ID from random generator.
[    5.499528] systemd[1]: Installed transient /etc/machine-id file.
[    5.745459] systemd[1]: Set up automount Arbitrary Executable File Formats File System Automount Point.
[[0;32m  OK  [0m] Set up automount Arbitrary Executab…rmats File System Automount Point.
[    5.753318] systemd[1]: Reached target System Time Synchronized.
[[0;32m  OK  [0m] Reached target System Time Synchronized.
[    5.758473] systemd[1]: Reached target Swap.
[[0;32m  OK  [0m] Reached target Swap.
[    5.766733] systemd[1]: Created slice User and Session Slice.
[[0;32m  OK  [0m] Created slice User and Session Slice.
[[0;32m  OK  [0m] Reached target Mounting snaps.
[[0;32m  OK  [0m] Created slice System Slice.
[[0;32m  OK  [0m] Listening on udev Control Socket.
[[0;32m  OK  [0m] Reached target Slices.
[[0;32m  OK  [0m] Listening on Network Service Netlink Socket.
[[0;32m  OK  [0m] Listening on /dev/initctl Compatibility Named Pipe.
[[0;32m  OK  [0m] Listening on Device-mapper event daemon FIFOs.
[[0;32m  OK  [0m] Listening on LVM2 metadata daemon socket.
[[0;32m  OK  [0m] Listening on Journal Socket.
         Starting Uncomplicated firewall...
         Starting Create list of required st…ce nodes for the current kernel...
         Mounting Kernel Debug File System...
[[0;32m  OK  [0m] Listening on Syslog Socket.
         Mounting Huge Pages File System...
         Starting Load Kernel Modules...
         Starting Monitoring of LVM2 mirrors…ng dmeventd or progress polling...
[[0;32m  OK  [0m] Created slice system-serial\x2dgetty.slice.
[[0;32m  OK  [0m] Listening on LVM2 poll daemon socket.
[[0;32m  OK  [0m] Reached target User and Group Name Lookups.
[[0;32m  OK  [0m] Listening on udev Kernel Socket.
         Starting udev Coldplug all Devices...
[[0;32m  OK  [0m] Started Forward Password Requests to Wall Directory Watch.
         Starting Set the console keyboard layout...
[[0;32m  OK  [0m] Listening on Journal Audit Socket.
[[0;32m  OK  [0m] Listening on Journal Socket (/dev/log).
[[0;32m  OK  [0m] Reached target Mounted snaps.
         Starting Journal Service...
         Mounting POSIX Message Queue File System...
[[0;32m  OK  [0m] Listening on fsck to fsckd communication Socket.
         Starting File System Check on Root Device...
[[0;32m  OK  [0m] Started Uncomplicated firewall.
[[0;32m  OK  [0m] Started Create list of required sta…vice nodes for the current kernel.
[[0;32m  OK  [0m] Mounted Kernel Debug File System.
[[0;32m  OK  [0m] Mounted Huge Pages File System.
[[0;32m  OK  [0m] Mounted POSIX Message Queue File System.
[[0;32m  OK  [0m] Started LVM2 metadata daemon.
         Starting Create Static Device Nodes in /dev...
[    5.898201] Loading iSCSI transport class v2.0-870.
[[0;32m  OK  [0m] Started udev Coldplug all Devices.
[    5.908306] iscsi: registered transport (tcp)
[    5.926777] iscsi: registered transport (iser)
[[0;32m  OK  [0m] Started Load Kernel Modules.
         Starting Apply Kernel Variables...
         Mounting FUSE Control File System...
         Mounting Kernel Configuration File System...
[[0;32m  OK  [0m] Mounted FUSE Control File System.
[[0;32m  OK  [0m] Mounted Kernel Configuration File System.
[[0;32m  OK  [0m] Started File System Check Daemon to report status.
[[0;32m  OK  [0m] Started Journal Service.
[[0;32m  OK  [0m] Started Create Static Device Nodes in /dev.
[[0;32m  OK  [0m] Started Monitoring of LVM2 mirrors,…sing dmeventd or progress polling.
[[0;32m  OK  [0m] Started File System Check on Root Device.
         Starting Remount Root and Kernel File Systems...
[[0;32m  OK  [0m] Started Apply Kernel Variables.
[[0;32m  OK  [0m] Started Remount Root and Kernel File Systems.
         Starting udev Kernel Device Manager...
         Starting Flush Journal to Persistent Storage...
         Starting Load/Save Random Seed...
[[0;32m  OK  [0m] Started Load/Save Random Seed.
[[0;32m  OK  [0m] Started udev Kernel Device Manager.
[[0;32m  OK  [0m] Started Set the console keyboard layout.
[[0;32m  OK  [0m] Started Dispatch Password Requests to Console Directory Watch.
[[0;32m  OK  [0m] Reached target Local Encrypted Volumes.
[[0;32m  OK  [0m] Reached target Local File Systems (Pre).
[[0;32m  OK  [0m] Reached target Local File Systems.
         Starting AppArmor initialization...
         Starting ebtables ruleset management...
         Starting Commit a transient machine-id on disk...
         Starting Tell Plymouth To Write Out Runtime Data...
         Starting Set console font and keymap...
[[0;32m  OK  [0m] Started Flush Journal to Persistent Storage.
         Starting Create Volatile Files and Directories...
[[0;32m  OK  [0m] Started Tell Plymouth To Write Out Runtime Data.
[[0;32m  OK  [0m] Started Set console font and keymap.
[[0;32m  OK  [0m] Started Create Volatile Files and Directories.
         Starting Update UTMP about System Boot/Shutdown...
[[0;32m  OK  [0m] Started Update UTMP about System Boot/Shutdown.
[[0;32m  OK  [0m] Started Commit a transient machine-id on disk.
[[0;32m  OK  [0m] Started ebtables ruleset management.
[[0;32m  OK  [0m] Found device /dev/ttyS0.
[[0;32m  OK  [0m] Listening on Load/Save RF Kill Switch Status /dev/rfkill Watch.
         Mounting Arbitrary Executable File Formats File System...
[[0;32m  OK  [0m] Mounted Arbitrary Executable File Formats File System.
[[0;32m  OK  [0m] Started AppArmor initialization.
         Starting Load AppArmor profiles managed internally by snapd...
         Starting Initial cloud-init job (pre-networking)...
[[0;32m  OK  [0m] Started Load AppArmor profiles managed internally by snapd.
[    8.580484] cloud-init[583]: Cloud-init v. 23.1.1-0ubuntu0~18.04.1 running 'init-local' at Thu, 06 Apr 2023 00:50:28 +0000. Up 8.27 seconds.
[[0;32m  OK  [0m] Started Initial cloud-init job (pre-networking).
[[0;32m  OK  [0m] Reached target Network (Pre).
         Starting Network Service...
[[0;32m  OK  [0m] Started Network Service.
         Starting Network Name Resolution...
         Starting Wait for Network to be Configured...
[[0;32m  OK  [0m] Started Network Name Resolution.
[[0;32m  OK  [0m] Reached target Host and Network Name Lookups.
[[0;32m  OK  [0m] Reached target Network.
[[0;32m  OK  [0m] Started Wait for Network to be Configured.
         Starting Initial cloud-init job (metadata service crawler)...
[   10.791962] cloud-init[700]: Cloud-init v. 23.1.1-0ubuntu0~18.04.1 running 'init' at Thu, 06 Apr 2023 00:50:30 +0000. Up 10.65 seconds.
[   10.797703] cloud-init[700]: ci-info: ++++++++++++++++++++++++++++++++++++++Net device info++++++++++++++++++++++++++++++++++++++
[   10.802371] cloud-init[700]: ci-info: +--------+------+----------------------------+---------------+--------+-------------------+
[   10.806527] cloud-init[700]: ci-info: | Device |  Up  |          Address           |      Mask     | Scope  |     Hw-Address    |
[   10.810559] cloud-init[700]: ci-info: +--------+------+----------------------------+---------------+--------+-------------------+
[   10.815010] cloud-init[700]: ci-info: | enp0s3 | True |         10.0.2.15          | 255.255.255.0 | global | 02:59:f1:88:50:de |
[   10.819340] cloud-init[700]: ci-info: | enp0s3 | True | fe80::59:f1ff:fe88:50de/64 |       .       |  link  | 02:59:f1:88:50:de |
[   10.823424] cloud-init[700]: ci-info: |   lo   | True |         127.0.0.1          |   255.0.0.0   |  host  |         .         |
[   10.827898] cloud-init[700]: ci-info: |   lo   | True |          ::1/128           |       .       |  host  |         .         |
[   10.833204] cloud-init[700]: ci-info: +--------+------+----------------------------+---------------+--------+-------------------+
[   10.837358] cloud-init[700]: ci-info: ++++++++++++++++++++++++++++Route IPv4 info+++++++++++++++++++++++++++++
[   10.841167] cloud-init[700]: ci-info: +-------+-------------+----------+-----------------+-----------+-------+
[   10.844964] cloud-init[700]: ci-info: | Route | Destination | Gateway  |     Genmask     | Interface | Flags |
[   10.848953] cloud-init[700]: ci-info: +-------+-------------+----------+-----------------+-----------+-------+
[   10.853041] cloud-init[700]: ci-info: |   0   |   0.0.0.0   | 10.0.2.2 |     0.0.0.0     |   enp0s3  |   UG  |
[   10.856856] cloud-init[700]: ci-info: |   1   |   10.0.2.0  | 0.0.0.0  |  255.255.255.0  |   enp0s3  |   U   |
[   10.860698] cloud-init[700]: ci-info: |   2   |   10.0.2.2  | 0.0.0.0  | 255.255.255.255 |   enp0s3  |   UH  |
[   10.865787] cloud-init[700]: ci-info: +-------+-------------+----------+-----------------+-----------+-------+
[   10.869019] cloud-init[700]: ci-info: +++++++++++++++++++Route IPv6 info+++++++++++++++++++
[   10.874366] cloud-init[700]: ci-info: +-------+-------------+---------+-----------+-------+
[   10.877079] cloud-init[700]: ci-info: | Route | Destination | Gateway | Interface | Flags |
[   10.879919] cloud-init[700]: ci-info: +-------+-------------+---------+-----------+-------+
[   10.883101] cloud-init[700]: ci-info: |   1   |  fe80::/64  |    ::   |   enp0s3  |   U   |
[   10.886233] cloud-init[700]: ci-info: |   3   |    local    |    ::   |   enp0s3  |   U   |
[   10.890545] cloud-init[700]: ci-info: |   4   |   ff00::/8  |    ::   |   enp0s3  |   U   |
[   10.894435] cloud-init[700]: ci-info: +-------+-------------+---------+-----------+-------+
[   11.443228] cloud-init[700]: Generating public/private rsa key pair.
[   11.445163] cloud-init[700]: Your identification has been saved in /etc/ssh/ssh_host_rsa_key.
[   11.456230] cloud-init[700]: Your public key has been saved in /etc/ssh/ssh_host_rsa_key.pub.
[   11.459567] cloud-init[700]: The key fingerprint is:
[   11.462275] cloud-init[700]: SHA256:JRnW6QGknSyQvKOPID6eSqYvziqeeNmyPI0uPgQhBCo root@ubuntu-bionic
[   11.464667] cloud-init[700]: The key's randomart image is:
[   11.466339] cloud-init[700]: +---[RSA 2048]----+
[   11.469773] cloud-init[700]: |+. ... .=o .     |
[   11.480432] cloud-init[700]: |+   o. = ++      |
[[0;32m  OK  [0m] Started Initial cloud-init job (metadata service crawler).
[   11.494949] [[0;32m  OK  [0m] Reached target Network is Online.
[[0;32m  OK  [0m] Reached target Remote File Systems (Pre).
[[0;32m  OK  [0m] Reached target Remote File Systems.
cloud-init[700]: |E.   .o *...     |
         Starting Availability of block devices...
[[0;32m  OK  [0m] Reached target Cloud-config availability.
[[0;32m  OK  [0m] Reached target System Initialization.
[[0;32m  OK  [0m] Listening on UUID daemon activation socket.
[[0;32m  OK  [0m] Started Daily Cleanup of Temporary Directories.
[[0;32m  OK  [0m] Listening on D-Bus System Message Bus Socket.
[[0;32m  OK  [0m] Listening on ACPID Listen Socket.
[[0;32m  OK  [0m] Started Daily apt download activities.
[[0;32m  OK  [0m] Started Daily apt upgrade and clean activities.
[[0;32m  OK  [0m] Started Ubuntu Advantage Timer for running repeated jobs.
[   11.505060] cloud-init         Starting Socket activation for snappy daemon.
         Starting LXD - unix socket.
[[0;32m  OK  [0m] Started Message of the Day.
[[0;32m  OK  [0m] Listening on cloud-init hotplug hook socket.
[[0;32m  OK  [0m] Started Discard unused blocks once a week.
[[0;32m  OK  [0m] Reached target Timers.
[700]: |o   o  . o.      |
[[0;32m  OK  [0m] Started ACPI Events Check.
[[0;32m  OK  [0m] Reached target Paths.
[[0;32m  OK  [0m] Listening on Open-iSCSI iscsid Socket.
[[0;32m  OK  [0m] Started Availability of block devices.
[   11.563601] [[0;32m  OK  [0m] Listening on Socket activation for snappy daemon.
[[0;32m  OK  [0m] Listening on LXD - unix socket.
cloud-init[700]: |.  . .  S        |
[[0;32m  OK  [0m] Reached target Sockets.
[[0;32m  OK  [0m] Reached target Basic System.
[   11.570048] cloud-init[700]: |o..              |
         Starting System Logging Service...
[   11.575931] cloud-init[[0;32m  OK  [0m] Started FUSE filesystem for LXC.
[[0;32m  OK  [0m] Reached target Login Prompts (Pre).
[700]: |++ B             |
[   11.582279] cloud-init[700]: |X=X +            |
[   11.586593] cloud-init[700]: |&#B+             |
[   11.590550] cloud-init[700]: +----[SHA256]-----+
[   11.595194] cloud-init[700]: Generating public/private dsa key pair.
[   11.600162] cloud-init[700]: Your identification has been saved in /etc/ssh/ssh_host_dsa_key.
[   11.605045] [[0;32m  OK  [0m] Started Regular background program processing daemon.
[[0;32m  OK  [0m] Started Deferred execution scheduler.
         Starting Pollinate to seed the pseudo random number generator...
         Starting Permit User Sessions...
cloud-init[700]: Your public key has been saved in /etc/ssh/ssh_host_dsa_key.pub.
         Starting Login Service...
[   11.619819] cloud-init         Starting Virtualbox guest utils...
         Starting Accounts Service...
[700]: The key fingerprint is:
[   11.632075] cloud-init[700]: SHA256:sG4EYOGJoXHuADNYPqLWwyd8vPU3WUqYrDWkQMZnmtk root@ubuntu-bionic
[   11.636750] cloud-init[700]: The key's randomart image is:
[   11.641151] cloud-init[700]: +---[DSA 1024]----+
[   11.646446] cloud-init[700]: |B.*..o           |
[   11.649508] cloud-init[700]: |+% oo. o         |
[   11.652267] cloud-init[700]: |= * ..O  .       |
[   11.656828] cloud-init[700]: |.++..=.E+ o      |
[   11.659827] cloud-init[700]: |...* +ooS* . .   |
[   11.667985] cloud-init[700]: |.   =oo + o +    |
[   11.672669] cloud-init[700]: |     .o. . =     |
[   11.675567] cloud-init[700]: |     .    . .    |
[   11.679593] [[0;32m  OK  [0m] Started irqbalance daemon.
cloud-init[700]:          Starting LXD - container startup/shutdown...
|                 |[[0;32m  OK  [0m] Started D-Bus System Message Bus.

[   11.699623] cloud-init[700]: +----[SHA256]-----+
[   11.707201] cloud-init[700]: Generating public/private ecdsa key pair.
[   11.719910] cloud-init[700]: Your identification has been saved in /etc/ssh/ssh_host_ecdsa_key.
[   11.725579] cloud-init[700]: Your public key has been saved in /etc/ssh/ssh_host_ecdsa_key.pub.
[   11.730681] cloud-init[700]: The key fingerprint is:
[   11.734634] cloud-init[700]: SHA256:pykzHMfdZXUuPubbv1xJjzZrnFlKNp9AS4GxClUWQyk root@ubuntu-bionic
[   11.739214] cloud-init[700]: The key's randomart image is:
[   11.744732] cloud-init[700]: +---[ECDSA 256]---+
[   11.749763] cloud-init[700]: |         .oB=   o|
[   11.754414] cloud-init[700]: |        .E.oo. o.|
[   11.759304] cloud-init[700]: |       .  ..  = .|
[   11.764609] cloud-init[700]: |       ..... * . |
[   11.768990] cloud-init[700]: |      . S.o + =. |
[   11.773533] cloud-init[700]: |     . o +   ==o+|
[   11.777976] cloud-init[700]: |      = o    +*O+|
[   11.782316] cloud-init[700]: |       +     .B*o|
[   11.786513] cloud-init[700]: |             .oo=|
[   11.790667] cloud-init[700]: +----[SHA256]-----+
[   11.795322] cloud-init[700]: Generating public/private ed25519 key pair.
[   11.799694] cloud-init[700]: Your identification has been saved in /etc/ssh/ssh_host_ed25519_key.
[   11.805189] cloud-init[700]: Your public key has been saved in /etc/ssh/ssh_host_ed25519_key.pub.
[   11.811141] cloud-init[700]: The key fingerprint is:
[   11.816423] cloud-init[700]: SHA256:Of0AMREoLUi3J4cKSOJgdcncbuec6B1nJPMRyMmo4Ds root@ubuntu-bionic
[   11.822956] cloud-init[700]: The key's randomart image is:
[   11.826739] cloud-init[700]: +--[ED25519 256]--+
[   11.828758] cloud-init[700]: |o+oo+oo.Ooo      |
[   11.833345] cloud-init[700]: |B .o+*oo B .     |
[   11.835440] cloud-init[700]: |o.. =o= .   .    |
[   11.837905] cloud-init[700]: | . o = o B o     |
[   11.840011] cloud-init[700]: |  . . . S O .    |
[   11.843168] cloud-init[700]: |   E   . * *     |
[   11.844929] cloud-init[700]: |    . . . + .    |
[   11.856246] cloud-init[700]: |       . .       |
         Starting LSB: automatic crash report generation...
[   11.865187] cloud-init         Starting LSB: Record successful boot for GRUB...
[700]: |                 |
[   11.874366] cloud-init[700]: +----[SHA256]-----+
         Starting Dispatcher daemon for systemd-networkd...
         Starting Snap Daemon...
[[0;32m  OK  [0m] Started System Logging Service.
[[0;32m  OK  [0m] Started Permit User Sessions.
[[0;32m  OK  [0m] Started Login Service.
[[0;32m  OK  [0m] Started LXD - container startup/shutdown.
         Starting Authorization Manager...
[[0;32m  OK  [0m] Started Unattended Upgrades Shutdown.
         Starting Terminate Plymouth Boot Screen...
         Starting Hold until boot process finishes up...
[[0;32m  OK  [0m] Started Hold until boot process finishes up.
         Starting Set console scheme...
[[0;32m  OK  [0m] Started Serial Getty on ttyS0.
[[0;32m  OK  [0m] Started Terminate Plymouth Boot Screen.
[[0;32m  OK  [0m] Started Authorization Manager.
[[0;32m  OK  [0m] Started Accounts Service.
[[0;32m  OK  [0m] Started Set console scheme.
[[0;32m  OK  [0m] Created slice system-getty.slice.
[[0;32m  OK  [0m] Started Getty on tty1.
[[0;32m  OK  [0m] Reached target Login Prompts.
[[0;32m  OK  [0m] Started LSB: automatic crash report generation.
[[0;32m  OK  [0m] Started Virtualbox guest utils.
[[0;32m  OK  [0m] Started LSB: Record successful boot for GRUB.
[[0;32m  OK  [0m] Started Dispatcher daemon for systemd-networkd.
[[0;32m  OK  [0m] Started Snap Daemon.
         Starting Wait until snapd is fully seeded...
         Starting Time & Date Service...
[[0;32m  OK  [0m] Started Time & Date Service.
[[0;32m  OK  [0m] Started Pollinate to seed the pseudo random number generator.
         Starting OpenBSD Secure Shell server...
[[0;32m  OK  [0m] Started OpenBSD Secure Shell server.
[[0;32m  OK  [0m] Created slice User Slice of vagrant.
         Starting User Manager for UID 1000...
[[0;32m  OK  [0m] Started Session 1 of user vagrant.
[[0;32m  OK  [0m] Started User Manager for UID 1000.
[[0;32m  OK  [0m] Started Wait until snapd is fully seeded.
         Starting Apply the settings specified in cloud-config...
[   16.314745] cloud-init[1419]: Cloud-init v. 23.1.1-0ubuntu0~18.04.1 running 'modules:config' at Thu, 06 Apr 2023 00:50:36 +0000. Up 15.88 seconds.
         Stopping User Manager for UID 1000...
[[0;32m  OK  [0m] Stopped User Manager for UID 1000.
[[0;32m  OK  [0m] Removed slice User Slice of vagrant.
[[0;32m  OK  [0m] Started Apply the settings specified in cloud-config.
[[0;32m  OK  [0m] Reached target Multi-User System.
[[0;32m  OK  [0m] Reached target Graphical Interface.
         Starting Update UTMP about System Runlevel Changes...
         Starting Execute cloud user/final scripts...
[[0;32m  OK  [0m] Started Update UTMP about System Runlevel Changes.
[[0;32m  OK  [0m] Created slice User Slice of vagrant.
         Starting User Manager for UID 1000...
[[0;32m  OK  [0m] Started Session 3 of user vagrant.
[[0;32m  OK  [0m] Started User Manager for UID 1000.
ci-info: no authorized SSH keys fingerprints found for user ubuntu.
<14>Apr  6 00:50:37 cloud-init: #############################################################
<14>Apr  6 00:50:37 cloud-init: -----BEGIN SSH HOST KEY FINGERPRINTS-----
<14>Apr  6 00:50:37 cloud-init: 1024 SHA256:sG4EYOGJoXHuADNYPqLWwyd8vPU3WUqYrDWkQMZnmtk root@ubuntu-bionic (DSA)
<14>Apr  6 00:50:37 cloud-init: 256 SHA256:pykzHMfdZXUuPubbv1xJjzZrnFlKNp9AS4GxClUWQyk root@ubuntu-bionic (ECDSA)
<14>Apr  6 00:50:37 cloud-init: 256 SHA256:Of0AMREoLUi3J4cKSOJgdcncbuec6B1nJPMRyMmo4Ds root@ubuntu-bionic (ED25519)
<14>Apr  6 00:50:37 cloud-init: 2048 SHA256:JRnW6QGknSyQvKOPID6eSqYvziqeeNmyPI0uPgQhBCo root@ubuntu-bionic (RSA)
<14>Apr  6 00:50:37 cloud-init: -----END SSH HOST KEY FINGERPRINTS-----
<14>Apr  6 00:50:37 cloud-init: #############################################################
-----BEGIN SSH HOST KEY KEYS-----
ecdsa-sha2-nistp256 AAAAE2VjZHNhLXNoYTItbmlzdHAyNTYAAAAIbmlzdHAyNTYAAABBBLuVBBIHGrRXT0oC3gbke/UjG7AyJ5WnmOUw1dQxCugZgAK5YyOxQq3EFSoxkfazDZg2WjiawZJcA2kVsml86zk= root@ubuntu-bionic
ssh-ed25519 AAAAC3NzaC1lZDI1NTE5AAAAIPMMpIgpuUlPYHtvUXh2mRwg8w5bM/Vo6/qj6Z/RPi5G root@ubuntu-bionic
ssh-rsa AAAAB3NzaC1yc2EAAAADAQABAAABAQDqgKgM23cnEmJ/bZ7dfKrA/0tpC+DasXA1AFMNbK0wfTFxjaY8z2g806L+kcYQ9/TBYOfMVCiB4pVD11AVuDdQwHoO8jgFabIYO+xSVhQaBT78hpLlnjX7qFV60MDUZCMOshmf4Y2gD0Kh44AzfPK6KJ3yfTmL59amkim8juUO5Ynruvx8+mGYoFVL9ak9SlFviY8TyFI3UaVMdXnUsQ5/grvb6raohvUicHCU/rpu+7AqfMn/YSjfgbjQeO8Qds+zpo5Aqt7mj6ayvq/ibmyv11oo8L9ajvPhDeelzsl8lApmUXKyPb/GyHWGx3YPYieTiWux8ZjD13CpqCJn1ET1 root@ubuntu-bionic
-----END SSH HOST KEY KEYS-----
[   17.047787] cloud-init[1672]: Cloud-init v. 23.1.1-0ubuntu0~18.04.1 running 'modules:final' at Thu, 06 Apr 2023 00:50:36 +0000. Up 16.81 seconds.
[   17.071066] cloud-init[1672]: Cloud-init v. 23.1.1-0ubuntu0~18.04.1 finished at Thu, 06 Apr 2023 00:50:37 +0000. Datasource DataSourceNoCloud [seed=/dev/sdb][dsmode=net].  Up 17.04 seconds
[[0;32m  OK  [0m] Started Execute cloud user/final scripts.
[[0;32m  OK  [0m] Reached target Cloud-init target.

Ubuntu 18.04.6 LTS ubuntu-bionic ttyS0

ubuntu-bionic login: 